[0.010s] Invoking command in '/root/catkin_ws/build/dual_arm_moveit_config': CMAKE_PREFIX_PATH=${CMAKE_PREFIX_PATH}:/root/catkin_ws/install/teleop_hand_tracking:/opt/ros/humble /usr/bin/cmake /root/catkin_ws/src/dual_arm_moveit_config -DAMENT_CMAKE_SYMLINK_INSTALL=1 -DCMAKE_INSTALL_PREFIX=/root/catkin_ws/install/dual_arm_moveit_config
[0.019s] -- Found ament_cmake: 1.3.12 (/opt/ros/humble/share/ament_cmake/cmake)
[0.111s] -- Override CMake install command with custom implementation using symlinks instead of copying resources
[0.117s] -- Found ament_lint_auto: 0.12.14 (/opt/ros/humble/share/ament_lint_auto/cmake)
[0.171s] -- Added test 'flake8' to check Python code syntax and style conventions
[0.171s] -- Added test 'lint_cmake' to check CMake code style
[0.171s] -- Added test 'pep257' to check Python code against some of the docstring style conventions in PEP 257
[0.172s] -- Added test 'xmllint' to check XML markup files
[0.173s] -- Configuring done
[0.175s] -- Generating done
[0.176s] -- Build files have been written to: /root/catkin_ws/build/dual_arm_moveit_config
[0.178s] Invoked command in '/root/catkin_ws/build/dual_arm_moveit_config' returned '0': CMAKE_PREFIX_PATH=${CMAKE_PREFIX_PATH}:/root/catkin_ws/install/teleop_hand_tracking:/opt/ros/humble /usr/bin/cmake /root/catkin_ws/src/dual_arm_moveit_config -DAMENT_CMAKE_SYMLINK_INSTALL=1 -DCMAKE_INSTALL_PREFIX=/root/catkin_ws/install/dual_arm_moveit_config
[0.179s] Invoking command in '/root/catkin_ws/build/dual_arm_moveit_config': CMAKE_PREFIX_PATH=${CMAKE_PREFIX_PATH}:/root/catkin_ws/install/teleop_hand_tracking:/opt/ros/humble /usr/bin/cmake --build /root/catkin_ws/build/dual_arm_moveit_config -- -j12 -l12
[0.205s] Invoked command in '/root/catkin_ws/build/dual_arm_moveit_config' returned '0': CMAKE_PREFIX_PATH=${CMAKE_PREFIX_PATH}:/root/catkin_ws/install/teleop_hand_tracking:/opt/ros/humble /usr/bin/cmake --build /root/catkin_ws/build/dual_arm_moveit_config -- -j12 -l12
[0.212s] Invoking command in '/root/catkin_ws/build/dual_arm_moveit_config': CMAKE_PREFIX_PATH=${CMAKE_PREFIX_PATH}:/root/catkin_ws/install/teleop_hand_tracking:/opt/ros/humble /usr/bin/cmake --install /root/catkin_ws/build/dual_arm_moveit_config
[0.216s] -- Install configuration: ""
[0.217s] -- Execute custom install script
[0.217s] -- Symlinking: /root/catkin_ws/install/dual_arm_moveit_config/share/dual_arm_moveit_config/launch/dual_arm_rviz.launch.py
[0.223s] -- Symlinking: /root/catkin_ws/install/dual_arm_moveit_config/share/dual_arm_moveit_config/launch/servo.launch.py
[0.229s] -- Symlinking: /root/catkin_ws/install/dual_arm_moveit_config/share/dual_arm_moveit_config/config/dual_arm.srdf
[0.235s] -- Symlinking: /root/catkin_ws/install/dual_arm_moveit_config/share/dual_arm_moveit_config/config/kinematics.yaml
[0.242s] -- Symlinking: /root/catkin_ws/install/dual_arm_moveit_config/share/dual_arm_moveit_config/config/servo_left.yaml
[0.248s] -- Symlinking: /root/catkin_ws/install/dual_arm_moveit_config/share/ament_index/resource_index/package_run_dependencies/dual_arm_moveit_config
[0.255s] -- Symlinking: /root/catkin_ws/install/dual_arm_moveit_config/share/ament_index/resource_index/parent_prefix_path/dual_arm_moveit_config
[0.261s] -- Symlinking: /root/catkin_ws/install/dual_arm_moveit_config/share/dual_arm_moveit_config/environment/ament_prefix_path.sh
[0.268s] -- Symlinking: /root/catkin_ws/install/dual_arm_moveit_config/share/dual_arm_moveit_config/environment/ament_prefix_path.dsv
[0.274s] -- Symlinking: /root/catkin_ws/install/dual_arm_moveit_config/share/dual_arm_moveit_config/environment/path.sh
[0.281s] -- Symlinking: /root/catkin_ws/install/dual_arm_moveit_config/share/dual_arm_moveit_config/environment/path.dsv
[0.287s] -- Symlinking: /root/catkin_ws/install/dual_arm_moveit_config/share/dual_arm_moveit_config/local_setup.bash
[0.294s] -- Symlinking: /root/catkin_ws/install/dual_arm_moveit_config/share/dual_arm_moveit_config/local_setup.sh
[0.301s] -- Symlinking: /root/catkin_ws/install/dual_arm_moveit_config/share/dual_arm_moveit_config/local_setup.zsh
[0.308s] -- Symlinking: /root/catkin_ws/install/dual_arm_moveit_config/share/dual_arm_moveit_config/local_setup.dsv
[0.315s] -- Symlinking: /root/catkin_ws/install/dual_arm_moveit_config/share/dual_arm_moveit_config/package.dsv
[0.321s] -- Symlinking: /root/catkin_ws/install/dual_arm_moveit_config/share/ament_index/resource_index/packages/dual_arm_moveit_config
[0.328s] -- Symlinking: /root/catkin_ws/install/dual_arm_moveit_config/share/dual_arm_moveit_config/cmake/dual_arm_moveit_configConfig.cmake
[0.335s] -- Symlinking: /root/catkin_ws/install/dual_arm_moveit_config/share/dual_arm_moveit_config/cmake/dual_arm_moveit_configConfig-version.cmake
[0.341s] -- Symlinking: /root/catkin_ws/install/dual_arm_moveit_config/share/dual_arm_moveit_config/package.xml
[0.349s] Invoked command in '/root/catkin_ws/build/dual_arm_moveit_config' returned '0': CMAKE_PREFIX_PATH=${CMAKE_PREFIX_PATH}:/root/catkin_ws/install/teleop_hand_tracking:/opt/ros/humble /usr/bin/cmake --install /root/catkin_ws/build/dual_arm_moveit_config
