[0.022s] Invoking command in '/root/catkin_ws/build/dual_arm_description': CMAKE_PREFIX_PATH=${CMAKE_PREFIX_PATH}:/root/catkin_ws/install/teleop_hand_tracking:/root/hand_teleop/install/robot_bringup:/opt/ros/humble /usr/bin/cmake --build /root/catkin_ws/build/dual_arm_description -- -j12 -l12
[0.399s] Invoked command in '/root/catkin_ws/build/dual_arm_description' returned '0': CMAKE_PREFIX_PATH=${CMAKE_PREFIX_PATH}:/root/catkin_ws/install/teleop_hand_tracking:/root/hand_teleop/install/robot_bringup:/opt/ros/humble /usr/bin/cmake --build /root/catkin_ws/build/dual_arm_description -- -j12 -l12
[0.407s] Invoking command in '/root/catkin_ws/build/dual_arm_description': CMAKE_PREFIX_PATH=${CMAKE_PREFIX_PATH}:/root/catkin_ws/install/teleop_hand_tracking:/root/hand_teleop/install/robot_bringup:/opt/ros/humble /usr/bin/cmake --install /root/catkin_ws/build/dual_arm_description
[0.414s] -- Install configuration: ""
[0.414s] -- Execute custom install script
[0.414s] -- Up-to-date symlink: /root/catkin_ws/install/dual_arm_description/share/dual_arm_description/urdf/dual_arm.urdf.xacro
[0.415s] -- Up-to-date symlink: /root/catkin_ws/install/dual_arm_description/share/dual_arm_description/urdf/gripper_macro.xacro
[0.415s] -- Up-to-date symlink: /root/catkin_ws/install/dual_arm_description/share/ament_index/resource_index/package_run_dependencies/dual_arm_description
[0.415s] -- Up-to-date symlink: /root/catkin_ws/install/dual_arm_description/share/ament_index/resource_index/parent_prefix_path/dual_arm_description
[0.415s] -- Up-to-date symlink: /root/catkin_ws/install/dual_arm_description/share/dual_arm_description/environment/ament_prefix_path.sh
[0.415s] -- Up-to-date symlink: /root/catkin_ws/install/dual_arm_description/share/dual_arm_description/environment/ament_prefix_path.dsv
[0.415s] -- Up-to-date symlink: /root/catkin_ws/install/dual_arm_description/share/dual_arm_description/environment/path.sh
[0.415s] -- Up-to-date symlink: /root/catkin_ws/install/dual_arm_description/share/dual_arm_description/environment/path.dsv
[0.415s] -- Up-to-date symlink: /root/catkin_ws/install/dual_arm_description/share/dual_arm_description/local_setup.bash
[0.416s] -- Up-to-date symlink: /root/catkin_ws/install/dual_arm_description/share/dual_arm_description/local_setup.sh
[0.416s] -- Up-to-date symlink: /root/catkin_ws/install/dual_arm_description/share/dual_arm_description/local_setup.zsh
[0.416s] -- Up-to-date symlink: /root/catkin_ws/install/dual_arm_description/share/dual_arm_description/local_setup.dsv
[0.416s] -- Symlinking: /root/catkin_ws/install/dual_arm_description/share/dual_arm_description/package.dsv
[0.423s] -- Up-to-date symlink: /root/catkin_ws/install/dual_arm_description/share/ament_index/resource_index/packages/dual_arm_description
[0.423s] -- Up-to-date symlink: /root/catkin_ws/install/dual_arm_description/share/dual_arm_description/cmake/dual_arm_descriptionConfig.cmake
[0.423s] -- Up-to-date symlink: /root/catkin_ws/install/dual_arm_description/share/dual_arm_description/cmake/dual_arm_descriptionConfig-version.cmake
[0.424s] -- Up-to-date symlink: /root/catkin_ws/install/dual_arm_description/share/dual_arm_description/package.xml
[0.425s] Invoked command in '/root/catkin_ws/build/dual_arm_description' returned '0': CMAKE_PREFIX_PATH=${CMAKE_PREFIX_PATH}:/root/catkin_ws/install/teleop_hand_tracking:/root/hand_teleop/install/robot_bringup:/opt/ros/humble /usr/bin/cmake --install /root/catkin_ws/build/dual_arm_description
