[0.019s] Invoking command in '/root/catkin_ws/build/dual_arm_description': CMAKE_PREFIX_PATH=${CMAKE_PREFIX_PATH}:/root/catkin_ws/install/teleop_hand_tracking:/root/hand_teleop/install/robot_bringup:/opt/ros/humble /usr/bin/cmake /root/catkin_ws/src/dual_arm_description -DCMAKE_INSTALL_PREFIX=/root/catkin_ws/install/dual_arm_description
[0.029s] -- Found ament_cmake: 1.3.12 (/opt/ros/humble/share/ament_cmake/cmake)
[0.131s] -- Override CMake install command with custom implementation using symlinks instead of copying resources
[0.137s] -- Found ament_lint_auto: 0.12.14 (/opt/ros/humble/share/ament_lint_auto/cmake)
[0.219s] -- Added test 'lint_cmake' to check CMake code style
[0.220s] -- Added test 'xmllint' to check XML markup files
[0.221s] -- Configuring done
[0.225s] -- Generating done
[0.226s] -- Build files have been written to: /root/catkin_ws/build/dual_arm_description
[0.250s] Invoked command in '/root/catkin_ws/build/dual_arm_description' returned '0': CMAKE_PREFIX_PATH=${CMAKE_PREFIX_PATH}:/root/catkin_ws/install/teleop_hand_tracking:/root/hand_teleop/install/robot_bringup:/opt/ros/humble /usr/bin/cmake /root/catkin_ws/src/dual_arm_description -DCMAKE_INSTALL_PREFIX=/root/catkin_ws/install/dual_arm_description
[0.251s] Invoking command in '/root/catkin_ws/build/dual_arm_description': CMAKE_PREFIX_PATH=${CMAKE_PREFIX_PATH}:/root/catkin_ws/install/teleop_hand_tracking:/root/hand_teleop/install/robot_bringup:/opt/ros/humble /usr/bin/cmake --build /root/catkin_ws/build/dual_arm_description -- -j12 -l12
[0.279s] Invoked command in '/root/catkin_ws/build/dual_arm_description' returned '0': CMAKE_PREFIX_PATH=${CMAKE_PREFIX_PATH}:/root/catkin_ws/install/teleop_hand_tracking:/root/hand_teleop/install/robot_bringup:/opt/ros/humble /usr/bin/cmake --build /root/catkin_ws/build/dual_arm_description -- -j12 -l12
[0.280s] Invoking command in '/root/catkin_ws/build/dual_arm_description': CMAKE_PREFIX_PATH=${CMAKE_PREFIX_PATH}:/root/catkin_ws/install/teleop_hand_tracking:/root/hand_teleop/install/robot_bringup:/opt/ros/humble /usr/bin/cmake --install /root/catkin_ws/build/dual_arm_description
[0.286s] -- Install configuration: ""
[0.286s] -- Execute custom install script
[0.286s] -- Symlinking: /root/catkin_ws/install/dual_arm_description/share/dual_arm_description/urdf/dual_arm.urdf.xacro
[0.292s] -- Symlinking: /root/catkin_ws/install/dual_arm_description/share/dual_arm_description/urdf/gripper_macro.xacro
[0.298s] -- Symlinking: /root/catkin_ws/install/dual_arm_description/share/ament_index/resource_index/package_run_dependencies/dual_arm_description
[0.305s] -- Symlinking: /root/catkin_ws/install/dual_arm_description/share/ament_index/resource_index/parent_prefix_path/dual_arm_description
[0.311s] -- Symlinking: /root/catkin_ws/install/dual_arm_description/share/dual_arm_description/environment/ament_prefix_path.sh
[0.318s] -- Symlinking: /root/catkin_ws/install/dual_arm_description/share/dual_arm_description/environment/ament_prefix_path.dsv
[0.324s] -- Symlinking: /root/catkin_ws/install/dual_arm_description/share/dual_arm_description/environment/path.sh
[0.330s] -- Symlinking: /root/catkin_ws/install/dual_arm_description/share/dual_arm_description/environment/path.dsv
[0.336s] -- Symlinking: /root/catkin_ws/install/dual_arm_description/share/dual_arm_description/local_setup.bash
[0.342s] -- Symlinking: /root/catkin_ws/install/dual_arm_description/share/dual_arm_description/local_setup.sh
[0.348s] -- Symlinking: /root/catkin_ws/install/dual_arm_description/share/dual_arm_description/local_setup.zsh
[0.353s] -- Symlinking: /root/catkin_ws/install/dual_arm_description/share/dual_arm_description/local_setup.dsv
[0.359s] -- Symlinking: /root/catkin_ws/install/dual_arm_description/share/dual_arm_description/package.dsv
[0.365s] -- Symlinking: /root/catkin_ws/install/dual_arm_description/share/ament_index/resource_index/packages/dual_arm_description
[0.371s] -- Symlinking: /root/catkin_ws/install/dual_arm_description/share/dual_arm_description/cmake/dual_arm_descriptionConfig.cmake
[0.376s] -- Symlinking: /root/catkin_ws/install/dual_arm_description/share/dual_arm_description/cmake/dual_arm_descriptionConfig-version.cmake
[0.382s] -- Symlinking: /root/catkin_ws/install/dual_arm_description/share/dual_arm_description/package.xml
[0.389s] Invoked command in '/root/catkin_ws/build/dual_arm_description' returned '0': CMAKE_PREFIX_PATH=${CMAKE_PREFIX_PATH}:/root/catkin_ws/install/teleop_hand_tracking:/root/hand_teleop/install/robot_bringup:/opt/ros/humble /usr/bin/cmake --install /root/catkin_ws/build/dual_arm_description
