-- Found ament_cmake: 1.3.12 (/opt/ros/humble/share/ament_cmake/cmake)
-- Override CMake install command with custom implementation using symlinks instead of copying resources
-- Found ament_lint_auto: 0.12.14 (/opt/ros/humble/share/ament_lint_auto/cmake)
-- Added test 'flake8' to check Python code syntax and style conventions
-- Added test 'lint_cmake' to check CMake code style
-- Added test 'pep257' to check Python code against some of the docstring style conventions in PEP 257
-- Added test 'xmllint' to check XML markup files
-- Configuring done
-- Generating done
-- Build files have been written to: /root/catkin_ws/build/dual_arm_moveit_config
-- Install configuration: ""
-- Execute custom install script
-- Up-to-date symlink: /root/catkin_ws/install/dual_arm_moveit_config/share/dual_arm_moveit_config/launch/dual_arm_rviz.launch.py
-- Up-to-date symlink: /root/catkin_ws/install/dual_arm_moveit_config/share/dual_arm_moveit_config/launch/servo.launch.py
-- Up-to-date symlink: /root/catkin_ws/install/dual_arm_moveit_config/share/dual_arm_moveit_config/config/dual_arm.srdf
[31mCMake Error at ament_cmake_symlink_install/ament_cmake_symlink_install.cmake:100 (message):
  ament_cmake_symlink_install_directory() can't find
  '/root/catkin_ws/src/dual_arm_moveit_config/urdf'
Call Stack (most recent call first):
  ament_cmake_symlink_install/ament_cmake_symlink_install.cmake:314 (ament_cmake_symlink_install_directory)
  cmake_install.cmake:46 (include)

[0m
-- Up-to-date symlink: /root/catkin_ws/install/dual_arm_moveit_config/share/dual_arm_moveit_config/config/kinematics.yaml
-- Up-to-date symlink: /root/catkin_ws/install/dual_arm_moveit_config/share/dual_arm_moveit_config/config/servo_left.yaml
-- Up-to-date symlink: /root/catkin_ws/install/dual_arm_moveit_config/share/dual_arm_moveit_config/config/servo_right.yaml
