[0.016s] Invoking command in '/root/catkin_ws/build/dual_arm_moveit_config': CMAKE_PREFIX_PATH=${CMAKE_PREFIX_PATH}:/root/catkin_ws/install/teleop_hand_tracking:/opt/ros/humble /usr/bin/cmake --build /root/catkin_ws/build/dual_arm_moveit_config -- -j12 -l12
[0.033s] -- Found ament_cmake: 1.3.12 (/opt/ros/humble/share/ament_cmake/cmake)
[0.128s] -- Override CMake install command with custom implementation using symlinks instead of copying resources
[0.134s] -- Found ament_lint_auto: 0.12.14 (/opt/ros/humble/share/ament_lint_auto/cmake)
[0.189s] -- Added test 'flake8' to check Python code syntax and style conventions
[0.189s] -- Added test 'lint_cmake' to check CMake code style
[0.189s] -- Added test 'pep257' to check Python code against some of the docstring style conventions in PEP 257
[0.190s] -- Added test 'xmllint' to check XML markup files
[0.191s] -- Configuring done
[0.193s] -- Generating done
[0.194s] -- Build files have been written to: /root/catkin_ws/build/dual_arm_moveit_config
[0.225s] Invoked command in '/root/catkin_ws/build/dual_arm_moveit_config' returned '0': CMAKE_PREFIX_PATH=${CMAKE_PREFIX_PATH}:/root/catkin_ws/install/teleop_hand_tracking:/opt/ros/humble /usr/bin/cmake --build /root/catkin_ws/build/dual_arm_moveit_config -- -j12 -l12
[0.226s] Invoking command in '/root/catkin_ws/build/dual_arm_moveit_config': CMAKE_PREFIX_PATH=${CMAKE_PREFIX_PATH}:/root/catkin_ws/install/teleop_hand_tracking:/opt/ros/humble /usr/bin/cmake --install /root/catkin_ws/build/dual_arm_moveit_config
[0.232s] -- Install configuration: ""
[0.232s] -- Execute custom install script
[0.233s] -- Up-to-date symlink: /root/catkin_ws/install/dual_arm_moveit_config/share/dual_arm_moveit_config/launch/dual_arm_rviz.launch.py
[0.233s] -- Up-to-date symlink: /root/catkin_ws/install/dual_arm_moveit_config/share/dual_arm_moveit_config/launch/servo.launch.py
[0.233s] -- Up-to-date symlink: /root/catkin_ws/install/dual_arm_moveit_config/share/dual_arm_moveit_config/config/dual_arm.srdf
[0.233s] [31mCMake Error at ament_cmake_symlink_install/ament_cmake_symlink_install.cmake:100 (message):
[0.233s]   ament_cmake_symlink_install_directory() can't find
[0.234s]   '/root/catkin_ws/src/dual_arm_moveit_config/urdf'
[0.234s] Call Stack (most recent call first):
[0.234s]   ament_cmake_symlink_install/ament_cmake_symlink_install.cmake:314 (ament_cmake_symlink_install_directory)
[0.234s]   cmake_install.cmake:46 (include)
[0.234s] 
[0.234s] [0m
[0.234s] -- Up-to-date symlink: /root/catkin_ws/install/dual_arm_moveit_config/share/dual_arm_moveit_config/config/kinematics.yaml
[0.234s] -- Up-to-date symlink: /root/catkin_ws/install/dual_arm_moveit_config/share/dual_arm_moveit_config/config/servo_left.yaml
[0.234s] -- Up-to-date symlink: /root/catkin_ws/install/dual_arm_moveit_config/share/dual_arm_moveit_config/config/servo_right.yaml
[0.255s] Invoked command in '/root/catkin_ws/build/dual_arm_moveit_config' returned '1': CMAKE_PREFIX_PATH=${CMAKE_PREFIX_PATH}:/root/catkin_ws/install/teleop_hand_tracking:/opt/ros/humble /usr/bin/cmake --install /root/catkin_ws/build/dual_arm_moveit_config
