running develop
Removing /root/catkin_ws/install/teleop_hand_tracking/lib/python3.10/site-packages/teleop-hand-tracking.egg-link (link to .)
running egg_info
writing ../../build/teleop_hand_tracking/teleop_hand_tracking.egg-info/PKG-INFO
writing dependency_links to ../../build/teleop_hand_tracking/teleop_hand_tracking.egg-info/dependency_links.txt
writing entry points to ../../build/teleop_hand_tracking/teleop_hand_tracking.egg-info/entry_points.txt
writing requirements to ../../build/teleop_hand_tracking/teleop_hand_tracking.egg-info/requires.txt
writing top-level names to ../../build/teleop_hand_tracking/teleop_hand_tracking.egg-info/top_level.txt
reading manifest file '../../build/teleop_hand_tracking/teleop_hand_tracking.egg-info/SOURCES.txt'
writing manifest file '../../build/teleop_hand_tracking/teleop_hand_tracking.egg-info/SOURCES.txt'
running build
running build_py
copying teleop_hand_tracking/hand_tracker_node.py -> /root/catkin_ws/build/teleop_hand_tracking/build/lib/teleop_hand_tracking
running install
running install_lib
creating /root/catkin_ws/install/teleop_hand_tracking/lib/python3.10/site-packages/teleop_hand_tracking
copying /root/catkin_ws/build/teleop_hand_tracking/build/lib/teleop_hand_tracking/joint_state_relay_node.py -> /root/catkin_ws/install/teleop_hand_tracking/lib/python3.10/site-packages/teleop_hand_tracking
copying /root/catkin_ws/build/teleop_hand_tracking/build/lib/teleop_hand_tracking/hand_tracker_node.py -> /root/catkin_ws/install/teleop_hand_tracking/lib/python3.10/site-packages/teleop_hand_tracking
copying /root/catkin_ws/build/teleop_hand_tracking/build/lib/teleop_hand_tracking/__init__.py -> /root/catkin_ws/install/teleop_hand_tracking/lib/python3.10/site-packages/teleop_hand_tracking
copying /root/catkin_ws/build/teleop_hand_tracking/build/lib/teleop_hand_tracking/servo_to_joint_state_node.py -> /root/catkin_ws/install/teleop_hand_tracking/lib/python3.10/site-packages/teleop_hand_tracking
byte-compiling /root/catkin_ws/install/teleop_hand_tracking/lib/python3.10/site-packages/teleop_hand_tracking/joint_state_relay_node.py to joint_state_relay_node.cpython-310.pyc
byte-compiling /root/catkin_ws/install/teleop_hand_tracking/lib/python3.10/site-packages/teleop_hand_tracking/hand_tracker_node.py to hand_tracker_node.cpython-310.pyc
byte-compiling /root/catkin_ws/install/teleop_hand_tracking/lib/python3.10/site-packages/teleop_hand_tracking/__init__.py to __init__.cpython-310.pyc
byte-compiling /root/catkin_ws/install/teleop_hand_tracking/lib/python3.10/site-packages/teleop_hand_tracking/servo_to_joint_state_node.py to servo_to_joint_state_node.cpython-310.pyc
running install_data
copying resource/teleop_hand_tracking -> /root/catkin_ws/install/teleop_hand_tracking/share/ament_index/resource_index/packages
copying package.xml -> /root/catkin_ws/install/teleop_hand_tracking/share/teleop_hand_tracking
copying launch/teleop.launch.py -> /root/catkin_ws/install/teleop_hand_tracking/share/teleop_hand_tracking/launch
running install_egg_info
Copying ../../build/teleop_hand_tracking/teleop_hand_tracking.egg-info to /root/catkin_ws/install/teleop_hand_tracking/lib/python3.10/site-packages/teleop_hand_tracking-0.1.0-py3.10.egg-info
running install_scripts
Installing hand_tracker_node script to lib/teleop_hand_tracking
Installing joint_state_relay script to lib/teleop_hand_tracking
Installing servo_to_joint_state_node script to lib/teleop_hand_tracking
writing list of installed files to '/root/catkin_ws/build/teleop_hand_tracking/install.log'
