[0.587s] Invoking command in '/root/catkin_ws/build/teleop_hand_tracking': PYTHONPATH=/root/catkin_ws/build/teleop_hand_tracking/prefix_override:/usr/lib/python3/dist-packages/colcon_core/task/python/colcon_distutils_commands:/root/catkin_ws/install/teleop_hand_tracking/lib/python3.10/site-packages:${PYTHONPATH} /usr/bin/python3 -W ignore:setup.py install is deprecated -W ignore:easy_install command is deprecated setup.py develop --uninstall --editable --build-directory /root/catkin_ws/build/teleop_hand_tracking/build
[0.852s] running develop
[1.070s] Removing /root/catkin_ws/install/teleop_hand_tracking/lib/python3.10/site-packages/teleop-hand-tracking.egg-link (link to .)
[1.095s] Invoked command in '/root/catkin_ws/build/teleop_hand_tracking' returned '0': PYTHONPATH=/root/catkin_ws/build/teleop_hand_tracking/prefix_override:/usr/lib/python3/dist-packages/colcon_core/task/python/colcon_distutils_commands:/root/catkin_ws/install/teleop_hand_tracking/lib/python3.10/site-packages:${PYTHONPATH} /usr/bin/python3 -W ignore:setup.py install is deprecated -W ignore:easy_install command is deprecated setup.py develop --uninstall --editable --build-directory /root/catkin_ws/build/teleop_hand_tracking/build
[1.096s] Invoking command in '/root/catkin_ws/src/teleop_hand_tracking': PYTHONPATH=/root/catkin_ws/build/teleop_hand_tracking/prefix_override:/usr/lib/python3/dist-packages/colcon_core/task/python/colcon_distutils_commands:/root/catkin_ws/install/teleop_hand_tracking/lib/python3.10/site-packages:${PYTHONPATH} /usr/bin/python3 -W ignore:setup.py install is deprecated -W ignore:easy_install command is deprecated setup.py egg_info --egg-base ../../build/teleop_hand_tracking build --build-base /root/catkin_ws/build/teleop_hand_tracking/build install --record /root/catkin_ws/build/teleop_hand_tracking/install.log --single-version-externally-managed install_data --force
[1.344s] running egg_info
[1.346s] writing ../../build/teleop_hand_tracking/teleop_hand_tracking.egg-info/PKG-INFO
[1.346s] writing dependency_links to ../../build/teleop_hand_tracking/teleop_hand_tracking.egg-info/dependency_links.txt
[1.346s] writing entry points to ../../build/teleop_hand_tracking/teleop_hand_tracking.egg-info/entry_points.txt
[1.346s] writing requirements to ../../build/teleop_hand_tracking/teleop_hand_tracking.egg-info/requires.txt
[1.346s] writing top-level names to ../../build/teleop_hand_tracking/teleop_hand_tracking.egg-info/top_level.txt
[1.349s] reading manifest file '../../build/teleop_hand_tracking/teleop_hand_tracking.egg-info/SOURCES.txt'
[1.350s] writing manifest file '../../build/teleop_hand_tracking/teleop_hand_tracking.egg-info/SOURCES.txt'
[1.350s] running build
[1.350s] running build_py
[1.350s] copying teleop_hand_tracking/hand_tracker_node.py -> /root/catkin_ws/build/teleop_hand_tracking/build/lib/teleop_hand_tracking
[1.351s] running install
[1.351s] running install_lib
[1.352s] creating /root/catkin_ws/install/teleop_hand_tracking/lib/python3.10/site-packages/teleop_hand_tracking
[1.352s] copying /root/catkin_ws/build/teleop_hand_tracking/build/lib/teleop_hand_tracking/joint_state_relay_node.py -> /root/catkin_ws/install/teleop_hand_tracking/lib/python3.10/site-packages/teleop_hand_tracking
[1.352s] copying /root/catkin_ws/build/teleop_hand_tracking/build/lib/teleop_hand_tracking/hand_tracker_node.py -> /root/catkin_ws/install/teleop_hand_tracking/lib/python3.10/site-packages/teleop_hand_tracking
[1.353s] copying /root/catkin_ws/build/teleop_hand_tracking/build/lib/teleop_hand_tracking/__init__.py -> /root/catkin_ws/install/teleop_hand_tracking/lib/python3.10/site-packages/teleop_hand_tracking
[1.353s] copying /root/catkin_ws/build/teleop_hand_tracking/build/lib/teleop_hand_tracking/servo_to_joint_state_node.py -> /root/catkin_ws/install/teleop_hand_tracking/lib/python3.10/site-packages/teleop_hand_tracking
[1.353s] byte-compiling /root/catkin_ws/install/teleop_hand_tracking/lib/python3.10/site-packages/teleop_hand_tracking/joint_state_relay_node.py to joint_state_relay_node.cpython-310.pyc
[1.353s] byte-compiling /root/catkin_ws/install/teleop_hand_tracking/lib/python3.10/site-packages/teleop_hand_tracking/hand_tracker_node.py to hand_tracker_node.cpython-310.pyc
[1.356s] byte-compiling /root/catkin_ws/install/teleop_hand_tracking/lib/python3.10/site-packages/teleop_hand_tracking/__init__.py to __init__.cpython-310.pyc
[1.357s] byte-compiling /root/catkin_ws/install/teleop_hand_tracking/lib/python3.10/site-packages/teleop_hand_tracking/servo_to_joint_state_node.py to servo_to_joint_state_node.cpython-310.pyc
[1.357s] running install_data
[1.358s] copying resource/teleop_hand_tracking -> /root/catkin_ws/install/teleop_hand_tracking/share/ament_index/resource_index/packages
[1.358s] copying package.xml -> /root/catkin_ws/install/teleop_hand_tracking/share/teleop_hand_tracking
[1.358s] copying launch/teleop.launch.py -> /root/catkin_ws/install/teleop_hand_tracking/share/teleop_hand_tracking/launch
[1.358s] running install_egg_info
[1.360s] Copying ../../build/teleop_hand_tracking/teleop_hand_tracking.egg-info to /root/catkin_ws/install/teleop_hand_tracking/lib/python3.10/site-packages/teleop_hand_tracking-0.1.0-py3.10.egg-info
[1.360s] running install_scripts
[1.382s] Installing hand_tracker_node script to lib/teleop_hand_tracking
[1.382s] Installing joint_state_relay script to lib/teleop_hand_tracking
[1.382s] Installing servo_to_joint_state_node script to lib/teleop_hand_tracking
[1.383s] writing list of installed files to '/root/catkin_ws/build/teleop_hand_tracking/install.log'
[1.405s] Invoked command in '/root/catkin_ws/src/teleop_hand_tracking' returned '0': PYTHONPATH=/root/catkin_ws/build/teleop_hand_tracking/prefix_override:/usr/lib/python3/dist-packages/colcon_core/task/python/colcon_distutils_commands:/root/catkin_ws/install/teleop_hand_tracking/lib/python3.10/site-packages:${PYTHONPATH} /usr/bin/python3 -W ignore:setup.py install is deprecated -W ignore:easy_install command is deprecated setup.py egg_info --egg-base ../../build/teleop_hand_tracking build --build-base /root/catkin_ws/build/teleop_hand_tracking/build install --record /root/catkin_ws/build/teleop_hand_tracking/install.log --single-version-externally-managed install_data --force
