[0.019s] Invoking command in '/root/catkin_ws/build/dual_arm_description': CMAKE_PREFIX_PATH=/opt/ros/humble /usr/bin/cmake --build /root/catkin_ws/build/dual_arm_description -- -j12 -l12
[0.214s] Invoked command in '/root/catkin_ws/build/dual_arm_description' returned '0': CMAKE_PREFIX_PATH=/opt/ros/humble /usr/bin/cmake --build /root/catkin_ws/build/dual_arm_description -- -j12 -l12
[0.221s] Invoking command in '/root/catkin_ws/build/dual_arm_description': CMAKE_PREFIX_PATH=/opt/ros/humble /usr/bin/cmake --install /root/catkin_ws/build/dual_arm_description
[0.226s] -- Install configuration: ""
[0.226s] -- Installing: /root/catkin_ws/install/dual_arm_description/share/ament_index/resource_index/package_run_dependencies/dual_arm_description
[0.227s] -- Installing: /root/catkin_ws/install/dual_arm_description/share/ament_index/resource_index/parent_prefix_path/dual_arm_description
[0.227s] -- Installing: /root/catkin_ws/install/dual_arm_description/share/dual_arm_description/environment/ament_prefix_path.sh
[0.227s] -- Installing: /root/catkin_ws/install/dual_arm_description/share/dual_arm_description/environment/ament_prefix_path.dsv
[0.227s] -- Installing: /root/catkin_ws/install/dual_arm_description/share/dual_arm_description/environment/path.sh
[0.227s] -- Installing: /root/catkin_ws/install/dual_arm_description/share/dual_arm_description/environment/path.dsv
[0.227s] -- Installing: /root/catkin_ws/install/dual_arm_description/share/dual_arm_description/local_setup.bash
[0.227s] -- Installing: /root/catkin_ws/install/dual_arm_description/share/dual_arm_description/local_setup.sh
[0.228s] -- Installing: /root/catkin_ws/install/dual_arm_description/share/dual_arm_description/local_setup.zsh
[0.228s] -- Installing: /root/catkin_ws/install/dual_arm_description/share/dual_arm_description/local_setup.dsv
[0.228s] -- Installing: /root/catkin_ws/install/dual_arm_description/share/dual_arm_description/package.dsv
[0.228s] -- Installing: /root/catkin_ws/install/dual_arm_description/share/ament_index/resource_index/packages/dual_arm_description
[0.228s] -- Installing: /root/catkin_ws/install/dual_arm_description/share/dual_arm_description/cmake/dual_arm_descriptionConfig.cmake
[0.228s] -- Installing: /root/catkin_ws/install/dual_arm_description/share/dual_arm_description/cmake/dual_arm_descriptionConfig-version.cmake
[0.228s] -- Installing: /root/catkin_ws/install/dual_arm_description/share/dual_arm_description/package.xml
[0.231s] Invoked command in '/root/catkin_ws/build/dual_arm_description' returned '0': CMAKE_PREFIX_PATH=/opt/ros/humble /usr/bin/cmake --install /root/catkin_ws/build/dual_arm_description
