running develop
running egg_info
creating teleop_hand_tracking.egg-info
writing teleop_hand_tracking.egg-info/PKG-INFO
writing dependency_links to teleop_hand_tracking.egg-info/dependency_links.txt
writing entry points to teleop_hand_tracking.egg-info/entry_points.txt
writing requirements to teleop_hand_tracking.egg-info/requires.txt
writing top-level names to teleop_hand_tracking.egg-info/top_level.txt
writing manifest file 'teleop_hand_tracking.egg-info/SOURCES.txt'
reading manifest file 'teleop_hand_tracking.egg-info/SOURCES.txt'
writing manifest file 'teleop_hand_tracking.egg-info/SOURCES.txt'
running build_ext
Creating /root/catkin_ws/install/teleop_hand_tracking/lib/python3.10/site-packages/teleop-hand-tracking.egg-link (link to .)
Installing hand_tracker_node script to /lib/teleop_hand_tracking
Installing joint_state_relay script to /lib/teleop_hand_tracking

Installed /root/catkin_ws/build/teleop_hand_tracking
running symlink_data
creating /root/catkin_ws/install/teleop_hand_tracking/share/ament_index
creating /root/catkin_ws/install/teleop_hand_tracking/share/ament_index/resource_index
creating /root/catkin_ws/install/teleop_hand_tracking/share/ament_index/resource_index/packages
symbolically linking /root/catkin_ws/build/teleop_hand_tracking/resource/teleop_hand_tracking -> /root/catkin_ws/install/teleop_hand_tracking/share/ament_index/resource_index/packages
symbolically linking /root/catkin_ws/build/teleop_hand_tracking/package.xml -> /root/catkin_ws/install/teleop_hand_tracking/share/teleop_hand_tracking
creating /root/catkin_ws/install/teleop_hand_tracking/share/teleop_hand_tracking/launch
