[0.463s] Invoking command in '/root/catkin_ws/build/teleop_hand_tracking': PYTHONPATH=/root/catkin_ws/build/teleop_hand_tracking/prefix_override:/usr/lib/python3/dist-packages/colcon_core/task/python/colcon_distutils_commands:/root/catkin_ws/install/teleop_hand_tracking/lib/python3.10/site-packages:${PYTHONPATH} /usr/bin/python3 -W ignore:setup.py install is deprecated -W ignore:easy_install command is deprecated setup.py develop --editable --build-directory /root/catkin_ws/build/teleop_hand_tracking/build --no-deps symlink_data
[0.650s] running develop
[0.756s] running egg_info
[0.756s] creating teleop_hand_tracking.egg-info
[0.756s] writing teleop_hand_tracking.egg-info/PKG-INFO
[0.756s] writing dependency_links to teleop_hand_tracking.egg-info/dependency_links.txt
[0.756s] writing entry points to teleop_hand_tracking.egg-info/entry_points.txt
[0.756s] writing requirements to teleop_hand_tracking.egg-info/requires.txt
[0.756s] writing top-level names to teleop_hand_tracking.egg-info/top_level.txt
[0.756s] writing manifest file 'teleop_hand_tracking.egg-info/SOURCES.txt'
[0.757s] reading manifest file 'teleop_hand_tracking.egg-info/SOURCES.txt'
[0.758s] writing manifest file 'teleop_hand_tracking.egg-info/SOURCES.txt'
[0.759s] running build_ext
[0.759s] Creating /root/catkin_ws/install/teleop_hand_tracking/lib/python3.10/site-packages/teleop-hand-tracking.egg-link (link to .)
[0.760s] Installing hand_tracker_node script to /lib/teleop_hand_tracking
[0.760s] Installing joint_state_relay script to /lib/teleop_hand_tracking
[0.760s] 
[0.760s] Installed /root/catkin_ws/build/teleop_hand_tracking
[0.760s] running symlink_data
[0.760s] creating /root/catkin_ws/install/teleop_hand_tracking/share/ament_index
[0.760s] creating /root/catkin_ws/install/teleop_hand_tracking/share/ament_index/resource_index
[0.760s] creating /root/catkin_ws/install/teleop_hand_tracking/share/ament_index/resource_index/packages
[0.760s] symbolically linking /root/catkin_ws/build/teleop_hand_tracking/resource/teleop_hand_tracking -> /root/catkin_ws/install/teleop_hand_tracking/share/ament_index/resource_index/packages
[0.760s] symbolically linking /root/catkin_ws/build/teleop_hand_tracking/package.xml -> /root/catkin_ws/install/teleop_hand_tracking/share/teleop_hand_tracking
[0.760s] creating /root/catkin_ws/install/teleop_hand_tracking/share/teleop_hand_tracking/launch
[0.761s] error: can't copy '/root/catkin_ws/build/teleop_hand_tracking/launch/teleop.launch.py': doesn't exist or not a regular file
[0.778s] Invoked command in '/root/catkin_ws/build/teleop_hand_tracking' returned '1': PYTHONPATH=/root/catkin_ws/build/teleop_hand_tracking/prefix_override:/usr/lib/python3/dist-packages/colcon_core/task/python/colcon_distutils_commands:/root/catkin_ws/install/teleop_hand_tracking/lib/python3.10/site-packages:${PYTHONPATH} /usr/bin/python3 -W ignore:setup.py install is deprecated -W ignore:easy_install command is deprecated setup.py develop --editable --build-directory /root/catkin_ws/build/teleop_hand_tracking/build --no-deps symlink_data
