[0.529s] Invoking command in '/root/catkin_ws/src/teleop_hand_tracking': PYTHONPATH=/root/catkin_ws/build/teleop_hand_tracking/prefix_override:/usr/lib/python3/dist-packages/colcon_core/task/python/colcon_distutils_commands:/root/catkin_ws/install/teleop_hand_tracking/lib/python3.10/site-packages:${PYTHONPATH} /usr/bin/python3 -W ignore:setup.py install is deprecated -W ignore:easy_install command is deprecated setup.py egg_info --egg-base ../../build/teleop_hand_tracking build --build-base /root/catkin_ws/build/teleop_hand_tracking/build install --record /root/catkin_ws/build/teleop_hand_tracking/install.log --single-version-externally-managed install_data
[0.722s] running egg_info
[0.722s] writing ../../build/teleop_hand_tracking/teleop_hand_tracking.egg-info/PKG-INFO
[0.722s] writing dependency_links to ../../build/teleop_hand_tracking/teleop_hand_tracking.egg-info/dependency_links.txt
[0.723s] writing entry points to ../../build/teleop_hand_tracking/teleop_hand_tracking.egg-info/entry_points.txt
[0.723s] writing requirements to ../../build/teleop_hand_tracking/teleop_hand_tracking.egg-info/requires.txt
[0.723s] writing top-level names to ../../build/teleop_hand_tracking/teleop_hand_tracking.egg-info/top_level.txt
[0.724s] reading manifest file '../../build/teleop_hand_tracking/teleop_hand_tracking.egg-info/SOURCES.txt'
[0.725s] writing manifest file '../../build/teleop_hand_tracking/teleop_hand_tracking.egg-info/SOURCES.txt'
[0.725s] running build
[0.725s] running build_py
[0.725s] running install
[0.725s] running install_lib
[0.726s] running install_data
[0.727s] running install_egg_info
[0.728s] removing '/root/catkin_ws/install/teleop_hand_tracking/lib/python3.10/site-packages/teleop_hand_tracking-0.1.0-py3.10.egg-info' (and everything under it)
[0.728s] Copying ../../build/teleop_hand_tracking/teleop_hand_tracking.egg-info to /root/catkin_ws/install/teleop_hand_tracking/lib/python3.10/site-packages/teleop_hand_tracking-0.1.0-py3.10.egg-info
[0.729s] running install_scripts
[0.745s] Installing hand_tracker_node script to /root/catkin_ws/install/teleop_hand_tracking/bin
[0.745s] Installing joint_state_relay script to /root/catkin_ws/install/teleop_hand_tracking/bin
[0.745s] Installing servo_to_joint_state_node script to /root/catkin_ws/install/teleop_hand_tracking/bin
[0.746s] writing list of installed files to '/root/catkin_ws/build/teleop_hand_tracking/install.log'
[0.762s] Invoked command in '/root/catkin_ws/src/teleop_hand_tracking' returned '0': PYTHONPATH=/root/catkin_ws/build/teleop_hand_tracking/prefix_override:/usr/lib/python3/dist-packages/colcon_core/task/python/colcon_distutils_commands:/root/catkin_ws/install/teleop_hand_tracking/lib/python3.10/site-packages:${PYTHONPATH} /usr/bin/python3 -W ignore:setup.py install is deprecated -W ignore:easy_install command is deprecated setup.py egg_info --egg-base ../../build/teleop_hand_tracking build --build-base /root/catkin_ws/build/teleop_hand_tracking/build install --record /root/catkin_ws/build/teleop_hand_tracking/install.log --single-version-externally-managed install_data
