[0.014s] Invoking command in '/root/catkin_ws/build/dual_arm_description': /usr/bin/cmake /root/catkin_ws/src/dual_arm_description -DAMENT_CMAKE_SYMLINK_INSTALL=1 -DCMAKE_INSTALL_PREFIX=/root/catkin_ws/install/dual_arm_description
[0.044s] -- Found ament_cmake: 1.3.12 (/opt/ros/humble/share/ament_cmake/cmake)
[0.120s] Traceback (most recent call last):
[0.120s]   File "/opt/ros/humble/share/ament_cmake_core/cmake/package_templates/templates_2_cmake.py", line 21, in <module>
[0.120s]     from ament_package.templates import get_environment_hook_template_path
[0.120s] ModuleNotFoundError: No module named 'ament_package'
[0.122s] [31mCMake Error at /opt/ros/humble/share/ament_cmake_core/cmake/ament_cmake_package_templates-extras.cmake:41 (message):
[0.122s]   execute_process(/usr/bin/python3
[0.122s]   /opt/ros/humble/share/ament_cmake_core/cmake/package_templates/templates_2_cmake.py
[0.123s]   /root/catkin_ws/build/dual_arm_description/ament_cmake_package_templates/templates.cmake)
[0.123s]   returned error code 1
[0.123s] Call Stack (most recent call first):
[0.123s]   /opt/ros/humble/share/ament_cmake_core/cmake/ament_cmake_coreConfig.cmake:41 (include)
[0.123s]   /opt/ros/humble/share/ament_cmake/cmake/ament_cmake_export_dependencies-extras.cmake:15 (find_package)
[0.123s]   /opt/ros/humble/share/ament_cmake/cmake/ament_cmakeConfig.cmake:41 (include)
[0.123s]   CMakeLists.txt:9 (find_package)
[0.123s] 
[0.123s] [0m
[0.123s] -- Configuring incomplete, errors occurred!
[0.123s] See also "/root/catkin_ws/build/dual_arm_description/CMakeFiles/CMakeOutput.log".
[0.191s] Invoked command in '/root/catkin_ws/build/dual_arm_description' returned '1': /usr/bin/cmake /root/catkin_ws/src/dual_arm_description -DAMENT_CMAKE_SYMLINK_INSTALL=1 -DCMAKE_INSTALL_PREFIX=/root/catkin_ws/install/dual_arm_description
