[0.016s] Invoking command in '/root/catkin_ws/build/dual_arm_moveit_config': /usr/bin/cmake /root/catkin_ws/src/dual_arm_moveit_config -DAMENT_CMAKE_SYMLINK_INSTALL=1 -DCMAKE_INSTALL_PREFIX=/root/catkin_ws/install/dual_arm_moveit_config
[0.042s] -- Found ament_cmake: 1.3.12 (/opt/ros/humble/share/ament_cmake/cmake)
[0.119s] Traceback (most recent call last):
[0.119s]   File "/opt/ros/humble/share/ament_cmake_core/cmake/package_templates/templates_2_cmake.py", line 21, in <module>
[0.119s]     from ament_package.templates import get_environment_hook_template_path
[0.119s] ModuleNotFoundError: No module named 'ament_package'
[0.122s] [31mCMake Error at /opt/ros/humble/share/ament_cmake_core/cmake/ament_cmake_package_templates-extras.cmake:41 (message):
[0.122s]   execute_process(/usr/bin/python3
[0.122s]   /opt/ros/humble/share/ament_cmake_core/cmake/package_templates/templates_2_cmake.py
[0.122s]   /root/catkin_ws/build/dual_arm_moveit_config/ament_cmake_package_templates/templates.cmake)
[0.122s]   returned error code 1
[0.122s] Call Stack (most recent call first):
[0.122s]   /opt/ros/humble/share/ament_cmake_core/cmake/ament_cmake_coreConfig.cmake:41 (include)
[0.122s]   /opt/ros/humble/share/ament_cmake/cmake/ament_cmake_export_dependencies-extras.cmake:15 (find_package)
[0.122s]   /opt/ros/humble/share/ament_cmake/cmake/ament_cmakeConfig.cmake:41 (include)
[0.122s]   CMakeLists.txt:9 (find_package)
[0.123s] 
[0.123s] [0m
[0.123s] -- Configuring incomplete, errors occurred!
[0.123s] See also "/root/catkin_ws/build/dual_arm_moveit_config/CMakeFiles/CMakeOutput.log".
[0.205s] Invoked command in '/root/catkin_ws/build/dual_arm_moveit_config' returned '1': /usr/bin/cmake /root/catkin_ws/src/dual_arm_moveit_config -DAMENT_CMAKE_SYMLINK_INSTALL=1 -DCMAKE_INSTALL_PREFIX=/root/catkin_ws/install/dual_arm_moveit_config
