/root/catkin_ws/install/teleop_hand_tracking/lib/python3.10/site-packages/teleop_hand_tracking/joint_state_relay_node.py
/root/catkin_ws/install/teleop_hand_tracking/lib/python3.10/site-packages/teleop_hand_tracking/hand_tracker_node.py
/root/catkin_ws/install/teleop_hand_tracking/lib/python3.10/site-packages/teleop_hand_tracking/__init__.py
/root/catkin_ws/install/teleop_hand_tracking/lib/python3.10/site-packages/teleop_hand_tracking/servo_to_joint_state_node.py
/root/catkin_ws/install/teleop_hand_tracking/lib/python3.10/site-packages/teleop_hand_tracking/__pycache__/joint_state_relay_node.cpython-310.pyc
/root/catkin_ws/install/teleop_hand_tracking/lib/python3.10/site-packages/teleop_hand_tracking/__pycache__/hand_tracker_node.cpython-310.pyc
/root/catkin_ws/install/teleop_hand_tracking/lib/python3.10/site-packages/teleop_hand_tracking/__pycache__/__init__.cpython-310.pyc
/root/catkin_ws/install/teleop_hand_tracking/lib/python3.10/site-packages/teleop_hand_tracking/__pycache__/servo_to_joint_state_node.cpython-310.pyc
/root/catkin_ws/install/teleop_hand_tracking/share/ament_index/resource_index/packages/teleop_hand_tracking
/root/catkin_ws/install/teleop_hand_tracking/share/teleop_hand_tracking/package.xml
/root/catkin_ws/install/teleop_hand_tracking/share/teleop_hand_tracking/launch/teleop.launch.py
/root/catkin_ws/install/teleop_hand_tracking/lib/python3.10/site-packages/teleop_hand_tracking-0.1.0-py3.10.egg-info/SOURCES.txt
/root/catkin_ws/install/teleop_hand_tracking/lib/python3.10/site-packages/teleop_hand_tracking-0.1.0-py3.10.egg-info/top_level.txt
/root/catkin_ws/install/teleop_hand_tracking/lib/python3.10/site-packages/teleop_hand_tracking-0.1.0-py3.10.egg-info/entry_points.txt
/root/catkin_ws/install/teleop_hand_tracking/lib/python3.10/site-packages/teleop_hand_tracking-0.1.0-py3.10.egg-info/PKG-INFO
/root/catkin_ws/install/teleop_hand_tracking/lib/python3.10/site-packages/teleop_hand_tracking-0.1.0-py3.10.egg-info/requires.txt
/root/catkin_ws/install/teleop_hand_tracking/lib/python3.10/site-packages/teleop_hand_tracking-0.1.0-py3.10.egg-info/dependency_links.txt
/root/catkin_ws/install/teleop_hand_tracking/lib/teleop_hand_tracking/hand_tracker_node
/root/catkin_ws/install/teleop_hand_tracking/lib/teleop_hand_tracking/joint_state_relay
/root/catkin_ws/install/teleop_hand_tracking/lib/teleop_hand_tracking/servo_to_joint_state_node
