[0.016s] Invoking command in '/root/catkin_ws/build/franka_description': /usr/bin/cmake /root/catkin_ws/src/Multi-Arm-6-DOF-Robot-Tele-operation-with-Real-Time-Hand-Tracking/franka_description -DAMENT_CMAKE_SYMLINK_INSTALL=1 -DCMAKE_INSTALL_PREFIX=/root/catkin_ws/install/franka_description
[0.143s] -- The C compiler identification is GNU 11.4.0
[0.227s] -- The CXX compiler identification is GNU 11.4.0
[0.234s] -- Detecting C compiler ABI info
[0.289s] -- Detecting C compiler ABI info - done
[0.295s] -- Check for working C compiler: /usr/bin/cc - skipped
[0.295s] -- Detecting C compile features
[0.296s] -- Detecting C compile features - done
[0.299s] -- Detecting CXX compiler ABI info
[0.357s] -- Detecting CXX compiler ABI info - done
[0.364s] -- Check for working CXX compiler: /usr/bin/c++ - skipped
[0.364s] -- Detecting CXX compile features
[0.364s] -- Detecting CXX compile features - done
[0.379s] [31mCMake Error at CMakeLists.txt:17 (find_package):
[0.379s]   By not providing "Findament_cmake.cmake" in CMAKE_MODULE_PATH this project
[0.380s]   has asked CMake to find a package configuration file provided by
[0.380s]   "ament_cmake", but CMake did not find one.
[0.380s] 
[0.380s]   Could not find a package configuration file provided by "ament_cmake" with
[0.380s]   any of the following names:
[0.380s] 
[0.380s]     ament_cmakeConfig.cmake
[0.380s]     ament_cmake-config.cmake
[0.380s] 
[0.380s]   Add the installation prefix of "ament_cmake" to CMAKE_PREFIX_PATH or set
[0.380s]   "ament_cmake_DIR" to a directory containing one of the above files.  If
[0.380s]   "ament_cmake" provides a separate development package or SDK, be sure it
[0.380s]   has been installed.
[0.380s] 
[0.380s] [0m
[0.380s] -- Configuring incomplete, errors occurred!
[0.380s] See also "/root/catkin_ws/build/franka_description/CMakeFiles/CMakeOutput.log".
