[0.015s] Invoking command in '/root/catkin_ws/build/dual_arm_moveit_config': CMAKE_PREFIX_PATH=/opt/ros/humble /usr/bin/cmake --build /root/catkin_ws/build/dual_arm_moveit_config -- -j12 -l12
[0.215s] Invoked command in '/root/catkin_ws/build/dual_arm_moveit_config' returned '0': CMAKE_PREFIX_PATH=/opt/ros/humble /usr/bin/cmake --build /root/catkin_ws/build/dual_arm_moveit_config -- -j12 -l12
[0.216s] Invoking command in '/root/catkin_ws/build/dual_arm_moveit_config': CMAKE_PREFIX_PATH=/opt/ros/humble /usr/bin/cmake --install /root/catkin_ws/build/dual_arm_moveit_config
[0.221s] -- Install configuration: ""
[0.222s] -- Installing: /root/catkin_ws/install/dual_arm_moveit_config/share/ament_index/resource_index/package_run_dependencies/dual_arm_moveit_config
[0.222s] -- Installing: /root/catkin_ws/install/dual_arm_moveit_config/share/ament_index/resource_index/parent_prefix_path/dual_arm_moveit_config
[0.223s] -- Installing: /root/catkin_ws/install/dual_arm_moveit_config/share/dual_arm_moveit_config/environment/ament_prefix_path.sh
[0.223s] -- Installing: /root/catkin_ws/install/dual_arm_moveit_config/share/dual_arm_moveit_config/environment/ament_prefix_path.dsv
[0.223s] -- Installing: /root/catkin_ws/install/dual_arm_moveit_config/share/dual_arm_moveit_config/environment/path.sh
[0.224s] -- Installing: /root/catkin_ws/install/dual_arm_moveit_config/share/dual_arm_moveit_config/environment/path.dsv
[0.224s] -- Installing: /root/catkin_ws/install/dual_arm_moveit_config/share/dual_arm_moveit_config/local_setup.bash
[0.224s] -- Installing: /root/catkin_ws/install/dual_arm_moveit_config/share/dual_arm_moveit_config/local_setup.sh
[0.224s] -- Installing: /root/catkin_ws/install/dual_arm_moveit_config/share/dual_arm_moveit_config/local_setup.zsh
[0.224s] -- Installing: /root/catkin_ws/install/dual_arm_moveit_config/share/dual_arm_moveit_config/local_setup.dsv
[0.225s] -- Installing: /root/catkin_ws/install/dual_arm_moveit_config/share/dual_arm_moveit_config/package.dsv
[0.225s] -- Installing: /root/catkin_ws/install/dual_arm_moveit_config/share/ament_index/resource_index/packages/dual_arm_moveit_config
[0.225s] -- Installing: /root/catkin_ws/install/dual_arm_moveit_config/share/dual_arm_moveit_config/cmake/dual_arm_moveit_configConfig.cmake
[0.225s] -- Installing: /root/catkin_ws/install/dual_arm_moveit_config/share/dual_arm_moveit_config/cmake/dual_arm_moveit_configConfig-version.cmake
[0.225s] -- Installing: /root/catkin_ws/install/dual_arm_moveit_config/share/dual_arm_moveit_config/package.xml
[0.246s] Invoked command in '/root/catkin_ws/build/dual_arm_moveit_config' returned '0': CMAKE_PREFIX_PATH=/opt/ros/humble /usr/bin/cmake --install /root/catkin_ws/build/dual_arm_moveit_config
