[0.482s] Invoking command in '/root/catkin_ws/build/teleop_hand_tracking': PYTHONPATH=/root/catkin_ws/build/teleop_hand_tracking/prefix_override:/usr/lib/python3/dist-packages/colcon_core/task/python/colcon_distutils_commands:/root/catkin_ws/install/teleop_hand_tracking/lib/python3.10/site-packages:${PYTHONPATH} /usr/bin/python3 -W ignore:setup.py install is deprecated -W ignore:easy_install command is deprecated setup.py develop --uninstall --editable --build-directory /root/catkin_ws/build/teleop_hand_tracking/build
[0.669s] running develop
[0.778s] Removing /root/catkin_ws/install/teleop_hand_tracking/lib/python3.10/site-packages/teleop-hand-tracking.egg-link (link to .)
[0.796s] Invoked command in '/root/catkin_ws/build/teleop_hand_tracking' returned '0': PYTHONPATH=/root/catkin_ws/build/teleop_hand_tracking/prefix_override:/usr/lib/python3/dist-packages/colcon_core/task/python/colcon_distutils_commands:/root/catkin_ws/install/teleop_hand_tracking/lib/python3.10/site-packages:${PYTHONPATH} /usr/bin/python3 -W ignore:setup.py install is deprecated -W ignore:easy_install command is deprecated setup.py develop --uninstall --editable --build-directory /root/catkin_ws/build/teleop_hand_tracking/build
[0.797s] Invoking command in '/root/catkin_ws/src/teleop_hand_tracking': PYTHONPATH=/root/catkin_ws/build/teleop_hand_tracking/prefix_override:/usr/lib/python3/dist-packages/colcon_core/task/python/colcon_distutils_commands:/root/catkin_ws/install/teleop_hand_tracking/lib/python3.10/site-packages:${PYTHONPATH} /usr/bin/python3 -W ignore:setup.py install is deprecated -W ignore:easy_install command is deprecated setup.py egg_info --egg-base ../../build/teleop_hand_tracking build --build-base /root/catkin_ws/build/teleop_hand_tracking/build install --record /root/catkin_ws/build/teleop_hand_tracking/install.log --single-version-externally-managed install_data --force
[0.972s] running egg_info
[0.973s] writing ../../build/teleop_hand_tracking/teleop_hand_tracking.egg-info/PKG-INFO
[0.973s] writing dependency_links to ../../build/teleop_hand_tracking/teleop_hand_tracking.egg-info/dependency_links.txt
[0.973s] writing entry points to ../../build/teleop_hand_tracking/teleop_hand_tracking.egg-info/entry_points.txt
[0.973s] writing requirements to ../../build/teleop_hand_tracking/teleop_hand_tracking.egg-info/requires.txt
[0.973s] writing top-level names to ../../build/teleop_hand_tracking/teleop_hand_tracking.egg-info/top_level.txt
[0.975s] reading manifest file '../../build/teleop_hand_tracking/teleop_hand_tracking.egg-info/SOURCES.txt'
[0.975s] writing manifest file '../../build/teleop_hand_tracking/teleop_hand_tracking.egg-info/SOURCES.txt'
[0.975s] running build
[0.975s] running build_py
[0.976s] creating /root/catkin_ws/build/teleop_hand_tracking/build
[0.976s] creating /root/catkin_ws/build/teleop_hand_tracking/build/lib
[0.976s] creating /root/catkin_ws/build/teleop_hand_tracking/build/lib/teleop_hand_tracking
[0.976s] copying teleop_hand_tracking/joint_state_relay_node.py -> /root/catkin_ws/build/teleop_hand_tracking/build/lib/teleop_hand_tracking
[0.976s] copying teleop_hand_tracking/hand_tracker_node.py -> /root/catkin_ws/build/teleop_hand_tracking/build/lib/teleop_hand_tracking
[0.976s] copying teleop_hand_tracking/__init__.py -> /root/catkin_ws/build/teleop_hand_tracking/build/lib/teleop_hand_tracking
[0.976s] running install
[0.976s] running install_lib
[0.977s] creating /root/catkin_ws/install/teleop_hand_tracking/lib/python3.10/site-packages/teleop_hand_tracking
[0.977s] copying /root/catkin_ws/build/teleop_hand_tracking/build/lib/teleop_hand_tracking/joint_state_relay_node.py -> /root/catkin_ws/install/teleop_hand_tracking/lib/python3.10/site-packages/teleop_hand_tracking
[0.977s] copying /root/catkin_ws/build/teleop_hand_tracking/build/lib/teleop_hand_tracking/hand_tracker_node.py -> /root/catkin_ws/install/teleop_hand_tracking/lib/python3.10/site-packages/teleop_hand_tracking
[0.977s] copying /root/catkin_ws/build/teleop_hand_tracking/build/lib/teleop_hand_tracking/__init__.py -> /root/catkin_ws/install/teleop_hand_tracking/lib/python3.10/site-packages/teleop_hand_tracking
[0.978s] byte-compiling /root/catkin_ws/install/teleop_hand_tracking/lib/python3.10/site-packages/teleop_hand_tracking/joint_state_relay_node.py to joint_state_relay_node.cpython-310.pyc
[0.978s] byte-compiling /root/catkin_ws/install/teleop_hand_tracking/lib/python3.10/site-packages/teleop_hand_tracking/hand_tracker_node.py to hand_tracker_node.cpython-310.pyc
[0.980s] byte-compiling /root/catkin_ws/install/teleop_hand_tracking/lib/python3.10/site-packages/teleop_hand_tracking/__init__.py to __init__.cpython-310.pyc
[0.980s] running install_data
[0.980s] copying resource/teleop_hand_tracking -> /root/catkin_ws/install/teleop_hand_tracking/share/ament_index/resource_index/packages
[0.980s] copying package.xml -> /root/catkin_ws/install/teleop_hand_tracking/share/teleop_hand_tracking
[0.980s] copying launch/teleop.launch.py -> /root/catkin_ws/install/teleop_hand_tracking/share/teleop_hand_tracking/launch
[0.980s] running install_egg_info
[0.982s] Copying ../../build/teleop_hand_tracking/teleop_hand_tracking.egg-info to /root/catkin_ws/install/teleop_hand_tracking/lib/python3.10/site-packages/teleop_hand_tracking-0.1.0-py3.10.egg-info
[0.982s] running install_scripts
[0.999s] Installing hand_tracker_node script to /lib/teleop_hand_tracking
[0.999s] Installing joint_state_relay script to /lib/teleop_hand_tracking
[0.999s] writing list of installed files to '/root/catkin_ws/build/teleop_hand_tracking/install.log'
[1.015s] Invoked command in '/root/catkin_ws/src/teleop_hand_tracking' returned '0': PYTHONPATH=/root/catkin_ws/build/teleop_hand_tracking/prefix_override:/usr/lib/python3/dist-packages/colcon_core/task/python/colcon_distutils_commands:/root/catkin_ws/install/teleop_hand_tracking/lib/python3.10/site-packages:${PYTHONPATH} /usr/bin/python3 -W ignore:setup.py install is deprecated -W ignore:easy_install command is deprecated setup.py egg_info --egg-base ../../build/teleop_hand_tracking build --build-base /root/catkin_ws/build/teleop_hand_tracking/build install --record /root/catkin_ws/build/teleop_hand_tracking/install.log --single-version-externally-managed install_data --force
