[0.019s] Invoking command in '/root/catkin_ws/build/dual_arm_moveit_config': CMAKE_PREFIX_PATH=${CMAKE_PREFIX_PATH}:/root/catkin_ws/install/teleop_hand_tracking:/root/hand_teleop/install/robot_bringup:/opt/ros/humble /usr/bin/cmake /root/catkin_ws/src/dual_arm_moveit_config -DCMAKE_INSTALL_PREFIX=/root/catkin_ws/install/dual_arm_moveit_config
[0.028s] -- Found ament_cmake: 1.3.12 (/opt/ros/humble/share/ament_cmake/cmake)
[0.228s] -- Override CMake install command with custom implementation using symlinks instead of copying resources
[0.241s] -- Found ament_lint_auto: 0.12.14 (/opt/ros/humble/share/ament_lint_auto/cmake)
[0.364s] -- Added test 'flake8' to check Python code syntax and style conventions
[0.364s] -- Added test 'lint_cmake' to check CMake code style
[0.365s] -- Added test 'pep257' to check Python code against some of the docstring style conventions in PEP 257
[0.366s] -- Added test 'xmllint' to check XML markup files
[0.367s] -- Configuring done
[0.369s] -- Generating done
[0.370s] -- Build files have been written to: /root/catkin_ws/build/dual_arm_moveit_config
[0.400s] Invoked command in '/root/catkin_ws/build/dual_arm_moveit_config' returned '0': CMAKE_PREFIX_PATH=${CMAKE_PREFIX_PATH}:/root/catkin_ws/install/teleop_hand_tracking:/root/hand_teleop/install/robot_bringup:/opt/ros/humble /usr/bin/cmake /root/catkin_ws/src/dual_arm_moveit_config -DCMAKE_INSTALL_PREFIX=/root/catkin_ws/install/dual_arm_moveit_config
[0.401s] Invoking command in '/root/catkin_ws/build/dual_arm_moveit_config': CMAKE_PREFIX_PATH=${CMAKE_PREFIX_PATH}:/root/catkin_ws/install/teleop_hand_tracking:/root/hand_teleop/install/robot_bringup:/opt/ros/humble /usr/bin/cmake --build /root/catkin_ws/build/dual_arm_moveit_config -- -j12 -l12
[0.434s] Invoked command in '/root/catkin_ws/build/dual_arm_moveit_config' returned '0': CMAKE_PREFIX_PATH=${CMAKE_PREFIX_PATH}:/root/catkin_ws/install/teleop_hand_tracking:/root/hand_teleop/install/robot_bringup:/opt/ros/humble /usr/bin/cmake --build /root/catkin_ws/build/dual_arm_moveit_config -- -j12 -l12
[0.435s] Invoking command in '/root/catkin_ws/build/dual_arm_moveit_config': CMAKE_PREFIX_PATH=${CMAKE_PREFIX_PATH}:/root/catkin_ws/install/teleop_hand_tracking:/root/hand_teleop/install/robot_bringup:/opt/ros/humble /usr/bin/cmake --install /root/catkin_ws/build/dual_arm_moveit_config
[0.441s] -- Install configuration: ""
[0.442s] -- Execute custom install script
[0.442s] -- Up-to-date symlink: /root/catkin_ws/install/dual_arm_moveit_config/share/dual_arm_moveit_config/launch/dual_arm_rviz.launch.py
[0.442s] -- Up-to-date symlink: /root/catkin_ws/install/dual_arm_moveit_config/share/dual_arm_moveit_config/launch/servo.launch.py
[0.443s] -- Up-to-date symlink: /root/catkin_ws/install/dual_arm_moveit_config/share/dual_arm_moveit_config/config/dual_arm.rviz
[0.443s] -- Up-to-date symlink: /root/catkin_ws/install/dual_arm_moveit_config/share/dual_arm_moveit_config/config/dual_arm.srdf
[0.443s] -- Up-to-date symlink: /root/catkin_ws/install/dual_arm_moveit_config/share/dual_arm_moveit_config/config/kinematics.yaml
[0.443s] -- Up-to-date symlink: /root/catkin_ws/install/dual_arm_moveit_config/share/dual_arm_moveit_config/config/servo_left.yaml
[0.443s] -- Up-to-date symlink: /root/catkin_ws/install/dual_arm_moveit_config/share/dual_arm_moveit_config/config/servo_right.yaml
[0.443s] -- Up-to-date symlink: /root/catkin_ws/install/dual_arm_moveit_config/share/ament_index/resource_index/package_run_dependencies/dual_arm_moveit_config
[0.443s] -- Up-to-date symlink: /root/catkin_ws/install/dual_arm_moveit_config/share/ament_index/resource_index/parent_prefix_path/dual_arm_moveit_config
[0.444s] -- Up-to-date symlink: /root/catkin_ws/install/dual_arm_moveit_config/share/dual_arm_moveit_config/environment/ament_prefix_path.sh
[0.444s] -- Up-to-date symlink: /root/catkin_ws/install/dual_arm_moveit_config/share/dual_arm_moveit_config/environment/ament_prefix_path.dsv
[0.444s] -- Up-to-date symlink: /root/catkin_ws/install/dual_arm_moveit_config/share/dual_arm_moveit_config/environment/path.sh
[0.444s] -- Up-to-date symlink: /root/catkin_ws/install/dual_arm_moveit_config/share/dual_arm_moveit_config/environment/path.dsv
[0.444s] -- Up-to-date symlink: /root/catkin_ws/install/dual_arm_moveit_config/share/dual_arm_moveit_config/local_setup.bash
[0.444s] -- Up-to-date symlink: /root/catkin_ws/install/dual_arm_moveit_config/share/dual_arm_moveit_config/local_setup.sh
[0.444s] -- Up-to-date symlink: /root/catkin_ws/install/dual_arm_moveit_config/share/dual_arm_moveit_config/local_setup.zsh
[0.445s] -- Up-to-date symlink: /root/catkin_ws/install/dual_arm_moveit_config/share/dual_arm_moveit_config/local_setup.dsv
[0.445s] -- Symlinking: /root/catkin_ws/install/dual_arm_moveit_config/share/dual_arm_moveit_config/package.dsv
[0.455s] -- Up-to-date symlink: /root/catkin_ws/install/dual_arm_moveit_config/share/ament_index/resource_index/packages/dual_arm_moveit_config
[0.455s] -- Up-to-date symlink: /root/catkin_ws/install/dual_arm_moveit_config/share/dual_arm_moveit_config/cmake/dual_arm_moveit_configConfig.cmake
[0.455s] -- Up-to-date symlink: /root/catkin_ws/install/dual_arm_moveit_config/share/dual_arm_moveit_config/cmake/dual_arm_moveit_configConfig-version.cmake
[0.455s] -- Up-to-date symlink: /root/catkin_ws/install/dual_arm_moveit_config/share/dual_arm_moveit_config/package.xml
[0.458s] Invoked command in '/root/catkin_ws/build/dual_arm_moveit_config' returned '0': CMAKE_PREFIX_PATH=${CMAKE_PREFIX_PATH}:/root/catkin_ws/install/teleop_hand_tracking:/root/hand_teleop/install/robot_bringup:/opt/ros/humble /usr/bin/cmake --install /root/catkin_ws/build/dual_arm_moveit_config
