[0.670s] Invoking command in '/root/catkin_ws/build/teleop_hand_tracking': PYTHONPATH=/root/catkin_ws/build/teleop_hand_tracking/prefix_override:/usr/lib/python3/dist-packages/colcon_core/task/python/colcon_distutils_commands:/root/catkin_ws/install/teleop_hand_tracking/lib/python3.10/site-packages:${PYTHONPATH} /usr/bin/python3 -W ignore:setup.py install is deprecated -W ignore:easy_install command is deprecated setup.py develop --editable --build-directory /root/catkin_ws/build/teleop_hand_tracking/build --no-deps symlink_data --force
[0.905s] running develop
[1.043s] running egg_info
[1.044s] writing teleop_hand_tracking.egg-info/PKG-INFO
[1.044s] writing dependency_links to teleop_hand_tracking.egg-info/dependency_links.txt
[1.044s] writing entry points to teleop_hand_tracking.egg-info/entry_points.txt
[1.044s] writing requirements to teleop_hand_tracking.egg-info/requires.txt
[1.044s] writing top-level names to teleop_hand_tracking.egg-info/top_level.txt
[1.046s] reading manifest file 'teleop_hand_tracking.egg-info/SOURCES.txt'
[1.047s] writing manifest file 'teleop_hand_tracking.egg-info/SOURCES.txt'
[1.048s] running build_ext
[1.049s] Creating /root/catkin_ws/install/teleop_hand_tracking/lib/python3.10/site-packages/teleop-hand-tracking.egg-link (link to .)
[1.049s] Installing hand_tracker_node script to lib/teleop_hand_tracking
[1.050s] Installing joint_state_relay script to lib/teleop_hand_tracking
[1.050s] Installing servo_to_joint_state_node script to lib/teleop_hand_tracking
[1.050s] 
[1.051s] Installed /root/catkin_ws/build/teleop_hand_tracking
[1.051s] running symlink_data
[1.051s] symbolically linking /root/catkin_ws/build/teleop_hand_tracking/resource/teleop_hand_tracking -> /root/catkin_ws/install/teleop_hand_tracking/share/ament_index/resource_index/packages
[1.051s] symbolically linking /root/catkin_ws/build/teleop_hand_tracking/package.xml -> /root/catkin_ws/install/teleop_hand_tracking/share/teleop_hand_tracking
[1.051s] symbolically linking /root/catkin_ws/build/teleop_hand_tracking/launch/teleop.launch.py -> /root/catkin_ws/install/teleop_hand_tracking/share/teleop_hand_tracking/launch
[1.072s] Invoked command in '/root/catkin_ws/build/teleop_hand_tracking' returned '0': PYTHONPATH=/root/catkin_ws/build/teleop_hand_tracking/prefix_override:/usr/lib/python3/dist-packages/colcon_core/task/python/colcon_distutils_commands:/root/catkin_ws/install/teleop_hand_tracking/lib/python3.10/site-packages:${PYTHONPATH} /usr/bin/python3 -W ignore:setup.py install is deprecated -W ignore:easy_install command is deprecated setup.py develop --editable --build-directory /root/catkin_ws/build/teleop_hand_tracking/build --no-deps symlink_data --force
