[0.090s] DEBUG:colcon:Command line arguments: ['/usr/bin/colcon', 'build']
[0.090s] DEBUG:colcon:Parsed command line arguments: Namespace(log_base=None, log_level=None, verb_name='build', build_base='build', install_base='install', merge_install=False, symlink_install=False, test_result_base=None, continue_on_error=False, executor='parallel', parallel_workers=12, event_handlers=None, ignore_user_meta=False, metas=['./colcon.meta'], base_paths=['.'], packages_ignore=None, packages_ignore_regex=None, paths=None, packages_up_to=None, packages_up_to_regex=None, packages_above=None, packages_above_and_dependencies=None, packages_above_depth=None, packages_select_by_dep=None, packages_skip_by_dep=None, packages_skip_up_to=None, packages_select_build_failed=False, packages_skip_build_finished=False, packages_select_test_failures=False, packages_skip_test_passed=False, packages_select=None, packages_skip=None, packages_select_regex=None, packages_skip_regex=None, packages_start=None, packages_end=None, cmake_args=None, cmake_target=None, cmake_target_skip_unavailable=False, cmake_clean_cache=False, cmake_clean_first=False, cmake_force_configure=False, ament_cmake_args=None, catkin_cmake_args=None, catkin_skip_building_tests=False, mixin_files=None, mixin=None, verb_parser=<colcon_mixin.mixin.mixin_argument.MixinArgumentDecorator object at 0x79e8facc50f0>, verb_extension=<colcon_core.verb.build.BuildVerb object at 0x79e8fae36b30>, main=<bound method BuildVerb.main of <colcon_core.verb.build.BuildVerb object at 0x79e8fae36b30>>, mixin_verb=('build',))
[0.221s] Level 1:colcon.colcon_core.package_discovery:discover_packages(colcon_meta) check parameters
[0.221s] Level 1:colcon.colcon_core.package_discovery:discover_packages(recursive) check parameters
[0.222s] Level 1:colcon.colcon_core.package_discovery:discover_packages(ignore) check parameters
[0.222s] Level 1:colcon.colcon_core.package_discovery:discover_packages(path) check parameters
[0.222s] Level 1:colcon.colcon_core.package_discovery:discover_packages(colcon_meta) discover
[0.222s] Level 1:colcon.colcon_core.package_discovery:discover_packages(recursive) discover
[0.222s] INFO:colcon.colcon_core.package_discovery:Crawling recursively for packages in '/root/catkin_ws'
[0.222s] Level 1:colcon.colcon_core.package_identification:_identify(.) by extensions ['ignore', 'ignore_ament_install']
[0.222s] Level 1:colcon.colcon_core.package_identification:_identify(.) by extension 'ignore'
[0.222s] Level 1:colcon.colcon_core.package_identification:_identify(.) by extension 'ignore_ament_install'
[0.222s] Level 1:colcon.colcon_core.package_identification:_identify(.) by extensions ['colcon_pkg']
[0.222s] Level 1:colcon.colcon_core.package_identification:_identify(.) by extension 'colcon_pkg'
[0.222s] Level 1:colcon.colcon_core.package_identification:_identify(.) by extensions ['colcon_meta']
[0.222s] Level 1:colcon.colcon_core.package_identification:_identify(.) by extension 'colcon_meta'
[0.222s] Level 1:colcon.colcon_core.package_identification:_identify(.) by extensions ['ros']
[0.222s] Level 1:colcon.colcon_core.package_identification:_identify(.) by extension 'ros'
[0.252s] Level 1:colcon.colcon_core.package_identification:_identify(.) by extensions ['cmake', 'python']
[0.252s] Level 1:colcon.colcon_core.package_identification:_identify(.) by extension 'cmake'
[0.252s] Level 1:colcon.colcon_core.package_identification:_identify(.) by extension 'python'
[0.252s] Level 1:colcon.colcon_core.package_identification:_identify(.) by extensions ['python_setup_py']
[0.252s] Level 1:colcon.colcon_core.package_identification:_identify(.) by extension 'python_setup_py'
[0.252s] Level 1:colcon.colcon_core.package_identification:_identify(build) by extensions ['ignore', 'ignore_ament_install']
[0.252s] Level 1:colcon.colcon_core.package_identification:_identify(build) by extension 'ignore'
[0.252s] Level 1:colcon.colcon_core.package_identification:_identify(build) ignored
[0.252s] Level 1:colcon.colcon_core.package_identification:_identify(install) by extensions ['ignore', 'ignore_ament_install']
[0.253s] Level 1:colcon.colcon_core.package_identification:_identify(install) by extension 'ignore'
[0.253s] Level 1:colcon.colcon_core.package_identification:_identify(install) ignored
[0.253s] Level 1:colcon.colcon_core.package_identification:_identify(log) by extensions ['ignore', 'ignore_ament_install']
[0.253s] Level 1:colcon.colcon_core.package_identification:_identify(log) by extension 'ignore'
[0.253s] Level 1:colcon.colcon_core.package_identification:_identify(log) ignored
[0.253s] Level 1:colcon.colcon_core.package_identification:_identify(src) by extensions ['ignore', 'ignore_ament_install']
[0.253s] Level 1:colcon.colcon_core.package_identification:_identify(src) by extension 'ignore'
[0.253s] Level 1:colcon.colcon_core.package_identification:_identify(src) by extension 'ignore_ament_install'
[0.253s] Level 1:colcon.colcon_core.package_identification:_identify(src) by extensions ['colcon_pkg']
[0.253s] Level 1:colcon.colcon_core.package_identification:_identify(src) by extension 'colcon_pkg'
[0.253s] Level 1:colcon.colcon_core.package_identification:_identify(src) by extensions ['colcon_meta']
[0.253s] Level 1:colcon.colcon_core.package_identification:_identify(src) by extension 'colcon_meta'
[0.253s] Level 1:colcon.colcon_core.package_identification:_identify(src) by extensions ['ros']
[0.253s] Level 1:colcon.colcon_core.package_identification:_identify(src) by extension 'ros'
[0.253s] Level 1:colcon.colcon_core.package_identification:_identify(src) by extensions ['cmake', 'python']
[0.253s] Level 1:colcon.colcon_core.package_identification:_identify(src) by extension 'cmake'
[0.253s] Level 1:colcon.colcon_core.package_identification:_identify(src) by extension 'python'
[0.253s] Level 1:colcon.colcon_core.package_identification:_identify(src) by extensions ['python_setup_py']
[0.253s] Level 1:colcon.colcon_core.package_identification:_identify(src) by extension 'python_setup_py'
[0.253s] Level 1:colcon.colcon_core.package_identification:_identify(src/dual_arm_description) by extensions ['ignore', 'ignore_ament_install']
[0.253s] Level 1:colcon.colcon_core.package_identification:_identify(src/dual_arm_description) by extension 'ignore'
[0.253s] Level 1:colcon.colcon_core.package_identification:_identify(src/dual_arm_description) by extension 'ignore_ament_install'
[0.254s] Level 1:colcon.colcon_core.package_identification:_identify(src/dual_arm_description) by extensions ['colcon_pkg']
[0.254s] Level 1:colcon.colcon_core.package_identification:_identify(src/dual_arm_description) by extension 'colcon_pkg'
[0.254s] Level 1:colcon.colcon_core.package_identification:_identify(src/dual_arm_description) by extensions ['colcon_meta']
[0.254s] Level 1:colcon.colcon_core.package_identification:_identify(src/dual_arm_description) by extension 'colcon_meta'
[0.254s] Level 1:colcon.colcon_core.package_identification:_identify(src/dual_arm_description) by extensions ['ros']
[0.254s] Level 1:colcon.colcon_core.package_identification:_identify(src/dual_arm_description) by extension 'ros'
[0.255s] DEBUG:colcon.colcon_core.package_identification:Package 'src/dual_arm_description' with type 'ros.ament_cmake' and name 'dual_arm_description'
[0.256s] Level 1:colcon.colcon_core.package_identification:_identify(src/dual_arm_moveit_config) by extensions ['ignore', 'ignore_ament_install']
[0.256s] Level 1:colcon.colcon_core.package_identification:_identify(src/dual_arm_moveit_config) by extension 'ignore'
[0.256s] Level 1:colcon.colcon_core.package_identification:_identify(src/dual_arm_moveit_config) by extension 'ignore_ament_install'
[0.256s] Level 1:colcon.colcon_core.package_identification:_identify(src/dual_arm_moveit_config) by extensions ['colcon_pkg']
[0.256s] Level 1:colcon.colcon_core.package_identification:_identify(src/dual_arm_moveit_config) by extension 'colcon_pkg'
[0.256s] Level 1:colcon.colcon_core.package_identification:_identify(src/dual_arm_moveit_config) by extensions ['colcon_meta']
[0.256s] Level 1:colcon.colcon_core.package_identification:_identify(src/dual_arm_moveit_config) by extension 'colcon_meta'
[0.256s] Level 1:colcon.colcon_core.package_identification:_identify(src/dual_arm_moveit_config) by extensions ['ros']
[0.256s] Level 1:colcon.colcon_core.package_identification:_identify(src/dual_arm_moveit_config) by extension 'ros'
[0.256s] DEBUG:colcon.colcon_core.package_identification:Package 'src/dual_arm_moveit_config' with type 'ros.ament_cmake' and name 'dual_arm_moveit_config'
[0.256s] Level 1:colcon.colcon_core.package_identification:_identify(src/teleop_hand_tracking) by extensions ['ignore', 'ignore_ament_install']
[0.257s] Level 1:colcon.colcon_core.package_identification:_identify(src/teleop_hand_tracking) by extension 'ignore'
[0.257s] Level 1:colcon.colcon_core.package_identification:_identify(src/teleop_hand_tracking) by extension 'ignore_ament_install'
[0.257s] Level 1:colcon.colcon_core.package_identification:_identify(src/teleop_hand_tracking) by extensions ['colcon_pkg']
[0.257s] Level 1:colcon.colcon_core.package_identification:_identify(src/teleop_hand_tracking) by extension 'colcon_pkg'
[0.257s] Level 1:colcon.colcon_core.package_identification:_identify(src/teleop_hand_tracking) by extensions ['colcon_meta']
[0.257s] Level 1:colcon.colcon_core.package_identification:_identify(src/teleop_hand_tracking) by extension 'colcon_meta'
[0.257s] Level 1:colcon.colcon_core.package_identification:_identify(src/teleop_hand_tracking) by extensions ['ros']
[0.257s] Level 1:colcon.colcon_core.package_identification:_identify(src/teleop_hand_tracking) by extension 'ros'
[0.257s] DEBUG:colcon.colcon_core.package_identification:Package 'src/teleop_hand_tracking' with type 'ros.ament_python' and name 'teleop_hand_tracking'
[0.257s] Level 1:colcon.colcon_core.package_discovery:discover_packages(recursive) using defaults
[0.257s] Level 1:colcon.colcon_core.package_discovery:discover_packages(ignore) discover
[0.257s] Level 1:colcon.colcon_core.package_discovery:discover_packages(ignore) using defaults
[0.257s] Level 1:colcon.colcon_core.package_discovery:discover_packages(path) discover
[0.257s] Level 1:colcon.colcon_core.package_discovery:discover_packages(path) using defaults
[0.272s] Level 5:colcon.colcon_core.verb:set package 'dual_arm_description' build argument 'cmake_args' from command line to 'None'
[0.272s] Level 5:colcon.colcon_core.verb:set package 'dual_arm_description' build argument 'cmake_target' from command line to 'None'
[0.272s] Level 5:colcon.colcon_core.verb:set package 'dual_arm_description' build argument 'cmake_target_skip_unavailable' from command line to 'False'
[0.272s] Level 5:colcon.colcon_core.verb:set package 'dual_arm_description' build argument 'cmake_clean_cache' from command line to 'False'
[0.272s] Level 5:colcon.colcon_core.verb:set package 'dual_arm_description' build argument 'cmake_clean_first' from command line to 'False'
[0.272s] Level 5:colcon.colcon_core.verb:set package 'dual_arm_description' build argument 'cmake_force_configure' from command line to 'False'
[0.272s] Level 5:colcon.colcon_core.verb:set package 'dual_arm_description' build argument 'ament_cmake_args' from command line to 'None'
[0.273s] Level 5:colcon.colcon_core.verb:set package 'dual_arm_description' build argument 'catkin_cmake_args' from command line to 'None'
[0.273s] Level 5:colcon.colcon_core.verb:set package 'dual_arm_description' build argument 'catkin_skip_building_tests' from command line to 'False'
[0.273s] DEBUG:colcon.colcon_core.verb:Building package 'dual_arm_description' with the following arguments: {'ament_cmake_args': None, 'build_base': '/root/catkin_ws/build/dual_arm_description', 'catkin_cmake_args': None, 'catkin_skip_building_tests': False, 'cmake_args': None, 'cmake_clean_cache': False, 'cmake_clean_first': False, 'cmake_force_configure': False, 'cmake_target': None, 'cmake_target_skip_unavailable': False, 'install_base': '/root/catkin_ws/install/dual_arm_description', 'merge_install': False, 'path': '/root/catkin_ws/src/dual_arm_description', 'symlink_install': False, 'test_result_base': None}
[0.273s] Level 5:colcon.colcon_core.verb:set package 'dual_arm_moveit_config' build argument 'cmake_args' from command line to 'None'
[0.273s] Level 5:colcon.colcon_core.verb:set package 'dual_arm_moveit_config' build argument 'cmake_target' from command line to 'None'
[0.273s] Level 5:colcon.colcon_core.verb:set package 'dual_arm_moveit_config' build argument 'cmake_target_skip_unavailable' from command line to 'False'
[0.273s] Level 5:colcon.colcon_core.verb:set package 'dual_arm_moveit_config' build argument 'cmake_clean_cache' from command line to 'False'
[0.273s] Level 5:colcon.colcon_core.verb:set package 'dual_arm_moveit_config' build argument 'cmake_clean_first' from command line to 'False'
[0.273s] Level 5:colcon.colcon_core.verb:set package 'dual_arm_moveit_config' build argument 'cmake_force_configure' from command line to 'False'
[0.273s] Level 5:colcon.colcon_core.verb:set package 'dual_arm_moveit_config' build argument 'ament_cmake_args' from command line to 'None'
[0.273s] Level 5:colcon.colcon_core.verb:set package 'dual_arm_moveit_config' build argument 'catkin_cmake_args' from command line to 'None'
[0.273s] Level 5:colcon.colcon_core.verb:set package 'dual_arm_moveit_config' build argument 'catkin_skip_building_tests' from command line to 'False'
[0.273s] DEBUG:colcon.colcon_core.verb:Building package 'dual_arm_moveit_config' with the following arguments: {'ament_cmake_args': None, 'build_base': '/root/catkin_ws/build/dual_arm_moveit_config', 'catkin_cmake_args': None, 'catkin_skip_building_tests': False, 'cmake_args': None, 'cmake_clean_cache': False, 'cmake_clean_first': False, 'cmake_force_configure': False, 'cmake_target': None, 'cmake_target_skip_unavailable': False, 'install_base': '/root/catkin_ws/install/dual_arm_moveit_config', 'merge_install': False, 'path': '/root/catkin_ws/src/dual_arm_moveit_config', 'symlink_install': False, 'test_result_base': None}
[0.273s] Level 5:colcon.colcon_core.verb:set package 'teleop_hand_tracking' build argument 'cmake_args' from command line to 'None'
[0.273s] Level 5:colcon.colcon_core.verb:set package 'teleop_hand_tracking' build argument 'cmake_target' from command line to 'None'
[0.273s] Level 5:colcon.colcon_core.verb:set package 'teleop_hand_tracking' build argument 'cmake_target_skip_unavailable' from command line to 'False'
[0.273s] Level 5:colcon.colcon_core.verb:set package 'teleop_hand_tracking' build argument 'cmake_clean_cache' from command line to 'False'
[0.273s] Level 5:colcon.colcon_core.verb:set package 'teleop_hand_tracking' build argument 'cmake_clean_first' from command line to 'False'
[0.273s] Level 5:colcon.colcon_core.verb:set package 'teleop_hand_tracking' build argument 'cmake_force_configure' from command line to 'False'
[0.273s] Level 5:colcon.colcon_core.verb:set package 'teleop_hand_tracking' build argument 'ament_cmake_args' from command line to 'None'
[0.273s] Level 5:colcon.colcon_core.verb:set package 'teleop_hand_tracking' build argument 'catkin_cmake_args' from command line to 'None'
[0.273s] Level 5:colcon.colcon_core.verb:set package 'teleop_hand_tracking' build argument 'catkin_skip_building_tests' from command line to 'False'
[0.273s] DEBUG:colcon.colcon_core.verb:Building package 'teleop_hand_tracking' with the following arguments: {'ament_cmake_args': None, 'build_base': '/root/catkin_ws/build/teleop_hand_tracking', 'catkin_cmake_args': None, 'catkin_skip_building_tests': False, 'cmake_args': None, 'cmake_clean_cache': False, 'cmake_clean_first': False, 'cmake_force_configure': False, 'cmake_target': None, 'cmake_target_skip_unavailable': False, 'install_base': '/root/catkin_ws/install/teleop_hand_tracking', 'merge_install': False, 'path': '/root/catkin_ws/src/teleop_hand_tracking', 'symlink_install': False, 'test_result_base': None}
[0.274s] INFO:colcon.colcon_core.executor:Executing jobs using 'parallel' executor
[0.274s] DEBUG:colcon.colcon_parallel_executor.executor.parallel:run_until_complete
[0.274s] INFO:colcon.colcon_ros.task.ament_cmake.build:Building ROS package in '/root/catkin_ws/src/dual_arm_description' with build type 'ament_cmake'
[0.275s] INFO:colcon.colcon_cmake.task.cmake.build:Building CMake package in '/root/catkin_ws/src/dual_arm_description'
[0.277s] INFO:colcon.colcon_core.plugin_system:Skipping extension 'colcon_core.shell.bat': Not used on non-Windows systems
[0.277s] INFO:colcon.colcon_core.shell:Skip shell extension 'powershell' for command environment: Not usable outside of PowerShell
[0.277s] DEBUG:colcon.colcon_core.shell:Skip shell extension 'dsv' for command environment
[0.281s] INFO:colcon.colcon_ros.task.ament_cmake.build:Building ROS package in '/root/catkin_ws/src/dual_arm_moveit_config' with build type 'ament_cmake'
[0.281s] INFO:colcon.colcon_cmake.task.cmake.build:Building CMake package in '/root/catkin_ws/src/dual_arm_moveit_config'
[0.282s] INFO:colcon.colcon_core.shell:Skip shell extension 'powershell' for command environment: Not usable outside of PowerShell
[0.282s] DEBUG:colcon.colcon_core.shell:Skip shell extension 'dsv' for command environment
[0.285s] INFO:colcon.colcon_ros.task.ament_python.build:Building ROS package in '/root/catkin_ws/src/teleop_hand_tracking' with build type 'ament_python'
[0.285s] Level 1:colcon.colcon_core.shell:create_environment_hook('teleop_hand_tracking', 'ament_prefix_path')
[0.285s] INFO:colcon.colcon_core.shell:Creating environment hook '/root/catkin_ws/install/teleop_hand_tracking/share/teleop_hand_tracking/hook/ament_prefix_path.ps1'
[0.286s] INFO:colcon.colcon_core.shell:Creating environment descriptor '/root/catkin_ws/install/teleop_hand_tracking/share/teleop_hand_tracking/hook/ament_prefix_path.dsv'
[0.287s] INFO:colcon.colcon_core.shell:Creating environment hook '/root/catkin_ws/install/teleop_hand_tracking/share/teleop_hand_tracking/hook/ament_prefix_path.sh'
[0.287s] INFO:colcon.colcon_core.shell:Skip shell extension 'powershell' for command environment: Not usable outside of PowerShell
[0.287s] DEBUG:colcon.colcon_core.shell:Skip shell extension 'dsv' for command environment
[0.295s] DEBUG:colcon.colcon_core.event_handler.log_command:Invoking command in '/root/catkin_ws/build/dual_arm_description': CMAKE_PREFIX_PATH=${CMAKE_PREFIX_PATH}:/root/catkin_ws/install/teleop_hand_tracking:/root/hand_teleop/install/robot_bringup:/opt/ros/humble /usr/bin/cmake --build /root/catkin_ws/build/dual_arm_description -- -j12 -l12
[0.298s] DEBUG:colcon.colcon_core.event_handler.log_command:Invoking command in '/root/catkin_ws/build/dual_arm_moveit_config': CMAKE_PREFIX_PATH=${CMAKE_PREFIX_PATH}:/root/catkin_ws/install/teleop_hand_tracking:/root/hand_teleop/install/robot_bringup:/opt/ros/humble /usr/bin/cmake --build /root/catkin_ws/build/dual_arm_moveit_config -- -j12 -l12
[0.516s] INFO:colcon.colcon_core.task.python.build:Building Python package in '/root/catkin_ws/src/teleop_hand_tracking'
[0.516s] INFO:colcon.colcon_core.shell:Skip shell extension 'powershell' for command environment: Not usable outside of PowerShell
[0.516s] DEBUG:colcon.colcon_core.shell:Skip shell extension 'dsv' for command environment
[0.521s] DEBUG:colcon.colcon_core.event_handler.log_command:Invoked command in '/root/catkin_ws/build/dual_arm_description' returned '0': CMAKE_PREFIX_PATH=${CMAKE_PREFIX_PATH}:/root/catkin_ws/install/teleop_hand_tracking:/root/hand_teleop/install/robot_bringup:/opt/ros/humble /usr/bin/cmake --build /root/catkin_ws/build/dual_arm_description -- -j12 -l12
[0.528s] DEBUG:colcon.colcon_core.event_handler.log_command:Invoking command in '/root/catkin_ws/build/dual_arm_description': CMAKE_PREFIX_PATH=${CMAKE_PREFIX_PATH}:/root/catkin_ws/install/teleop_hand_tracking:/root/hand_teleop/install/robot_bringup:/opt/ros/humble /usr/bin/cmake --install /root/catkin_ws/build/dual_arm_description
[0.528s] DEBUG:colcon.colcon_core.event_handler.log_command:Invoked command in '/root/catkin_ws/build/dual_arm_moveit_config' returned '0': CMAKE_PREFIX_PATH=${CMAKE_PREFIX_PATH}:/root/catkin_ws/install/teleop_hand_tracking:/root/hand_teleop/install/robot_bringup:/opt/ros/humble /usr/bin/cmake --build /root/catkin_ws/build/dual_arm_moveit_config -- -j12 -l12
[0.530s] DEBUG:colcon.colcon_core.event_handler.log_command:Invoking command in '/root/catkin_ws/build/dual_arm_moveit_config': CMAKE_PREFIX_PATH=${CMAKE_PREFIX_PATH}:/root/catkin_ws/install/teleop_hand_tracking:/root/hand_teleop/install/robot_bringup:/opt/ros/humble /usr/bin/cmake --install /root/catkin_ws/build/dual_arm_moveit_config
[0.544s] Level 1:colcon.colcon_core.environment:create_environment_scripts_only(dual_arm_description)
[0.544s] DEBUG:colcon.colcon_core.event_handler.log_command:Invoked command in '/root/catkin_ws/build/dual_arm_description' returned '0': CMAKE_PREFIX_PATH=${CMAKE_PREFIX_PATH}:/root/catkin_ws/install/teleop_hand_tracking:/root/hand_teleop/install/robot_bringup:/opt/ros/humble /usr/bin/cmake --install /root/catkin_ws/build/dual_arm_description
[0.546s] Level 1:colcon.colcon_core.environment:checking '/root/catkin_ws/install/dual_arm_description' for CMake module files
[0.547s] Level 1:colcon.colcon_core.environment:checking '/root/catkin_ws/install/dual_arm_description' for CMake config files
[0.547s] Level 1:colcon.colcon_core.shell:create_environment_hook('dual_arm_description', 'cmake_prefix_path')
[0.547s] INFO:colcon.colcon_core.shell:Creating environment hook '/root/catkin_ws/install/dual_arm_description/share/dual_arm_description/hook/cmake_prefix_path.ps1'
[0.548s] INFO:colcon.colcon_core.shell:Creating environment descriptor '/root/catkin_ws/install/dual_arm_description/share/dual_arm_description/hook/cmake_prefix_path.dsv'
[0.548s] INFO:colcon.colcon_core.shell:Creating environment hook '/root/catkin_ws/install/dual_arm_description/share/dual_arm_description/hook/cmake_prefix_path.sh'
[0.548s] Level 1:colcon.colcon_core.environment:checking '/root/catkin_ws/install/dual_arm_description/bin'
[0.549s] Level 1:colcon.colcon_core.environment:checking '/root/catkin_ws/install/dual_arm_description/lib/pkgconfig/dual_arm_description.pc'
[0.549s] Level 1:colcon.colcon_core.environment:checking '/root/catkin_ws/install/dual_arm_description/lib/python3.10/site-packages'
[0.549s] Level 1:colcon.colcon_core.environment:checking '/root/catkin_ws/install/dual_arm_description/bin'
[0.549s] INFO:colcon.colcon_core.shell:Creating package script '/root/catkin_ws/install/dual_arm_description/share/dual_arm_description/package.ps1'
[0.550s] INFO:colcon.colcon_core.shell:Creating package descriptor '/root/catkin_ws/install/dual_arm_description/share/dual_arm_description/package.dsv'
[0.550s] INFO:colcon.colcon_core.shell:Creating package script '/root/catkin_ws/install/dual_arm_description/share/dual_arm_description/package.sh'
[0.551s] INFO:colcon.colcon_core.shell:Creating package script '/root/catkin_ws/install/dual_arm_description/share/dual_arm_description/package.bash'
[0.552s] INFO:colcon.colcon_core.shell:Creating package script '/root/catkin_ws/install/dual_arm_description/share/dual_arm_description/package.zsh'
[0.552s] Level 1:colcon.colcon_core.environment:create_file_with_runtime_dependencies(/root/catkin_ws/install/dual_arm_description/share/colcon-core/packages/dual_arm_description)
[0.553s] Level 1:colcon.colcon_core.environment:create_environment_scripts_only(dual_arm_description)
[0.553s] Level 1:colcon.colcon_core.environment:checking '/root/catkin_ws/install/dual_arm_description' for CMake module files
[0.553s] Level 1:colcon.colcon_core.environment:checking '/root/catkin_ws/install/dual_arm_description' for CMake config files
[0.553s] Level 1:colcon.colcon_core.shell:create_environment_hook('dual_arm_description', 'cmake_prefix_path')
[0.554s] INFO:colcon.colcon_core.shell:Creating environment hook '/root/catkin_ws/install/dual_arm_description/share/dual_arm_description/hook/cmake_prefix_path.ps1'
[0.554s] INFO:colcon.colcon_core.shell:Creating environment descriptor '/root/catkin_ws/install/dual_arm_description/share/dual_arm_description/hook/cmake_prefix_path.dsv'
[0.554s] INFO:colcon.colcon_core.shell:Creating environment hook '/root/catkin_ws/install/dual_arm_description/share/dual_arm_description/hook/cmake_prefix_path.sh'
[0.555s] Level 1:colcon.colcon_core.environment:checking '/root/catkin_ws/install/dual_arm_description/bin'
[0.555s] Level 1:colcon.colcon_core.environment:checking '/root/catkin_ws/install/dual_arm_description/lib/pkgconfig/dual_arm_description.pc'
[0.555s] Level 1:colcon.colcon_core.environment:checking '/root/catkin_ws/install/dual_arm_description/lib/python3.10/site-packages'
[0.555s] Level 1:colcon.colcon_core.environment:checking '/root/catkin_ws/install/dual_arm_description/bin'
[0.555s] INFO:colcon.colcon_core.shell:Creating package script '/root/catkin_ws/install/dual_arm_description/share/dual_arm_description/package.ps1'
[0.556s] INFO:colcon.colcon_core.shell:Creating package descriptor '/root/catkin_ws/install/dual_arm_description/share/dual_arm_description/package.dsv'
[0.556s] INFO:colcon.colcon_core.shell:Creating package script '/root/catkin_ws/install/dual_arm_description/share/dual_arm_description/package.sh'
[0.557s] INFO:colcon.colcon_core.shell:Creating package script '/root/catkin_ws/install/dual_arm_description/share/dual_arm_description/package.bash'
[0.557s] INFO:colcon.colcon_core.shell:Creating package script '/root/catkin_ws/install/dual_arm_description/share/dual_arm_description/package.zsh'
[0.557s] Level 1:colcon.colcon_core.environment:create_file_with_runtime_dependencies(/root/catkin_ws/install/dual_arm_description/share/colcon-core/packages/dual_arm_description)
[0.558s] Level 1:colcon.colcon_core.environment:create_environment_scripts_only(dual_arm_moveit_config)
[0.559s] Level 1:colcon.colcon_core.environment:checking '/root/catkin_ws/install/dual_arm_moveit_config' for CMake module files
[0.559s] DEBUG:colcon.colcon_core.event_handler.log_command:Invoked command in '/root/catkin_ws/build/dual_arm_moveit_config' returned '0': CMAKE_PREFIX_PATH=${CMAKE_PREFIX_PATH}:/root/catkin_ws/install/teleop_hand_tracking:/root/hand_teleop/install/robot_bringup:/opt/ros/humble /usr/bin/cmake --install /root/catkin_ws/build/dual_arm_moveit_config
[0.559s] Level 1:colcon.colcon_core.environment:checking '/root/catkin_ws/install/dual_arm_moveit_config' for CMake config files
[0.560s] Level 1:colcon.colcon_core.shell:create_environment_hook('dual_arm_moveit_config', 'cmake_prefix_path')
[0.560s] INFO:colcon.colcon_core.shell:Creating environment hook '/root/catkin_ws/install/dual_arm_moveit_config/share/dual_arm_moveit_config/hook/cmake_prefix_path.ps1'
[0.560s] INFO:colcon.colcon_core.shell:Creating environment descriptor '/root/catkin_ws/install/dual_arm_moveit_config/share/dual_arm_moveit_config/hook/cmake_prefix_path.dsv'
[0.560s] INFO:colcon.colcon_core.shell:Creating environment hook '/root/catkin_ws/install/dual_arm_moveit_config/share/dual_arm_moveit_config/hook/cmake_prefix_path.sh'
[0.561s] Level 1:colcon.colcon_core.environment:checking '/root/catkin_ws/install/dual_arm_moveit_config/bin'
[0.561s] Level 1:colcon.colcon_core.environment:checking '/root/catkin_ws/install/dual_arm_moveit_config/lib/pkgconfig/dual_arm_moveit_config.pc'
[0.561s] Level 1:colcon.colcon_core.environment:checking '/root/catkin_ws/install/dual_arm_moveit_config/lib/python3.10/site-packages'
[0.561s] Level 1:colcon.colcon_core.environment:checking '/root/catkin_ws/install/dual_arm_moveit_config/bin'
[0.562s] INFO:colcon.colcon_core.shell:Creating package script '/root/catkin_ws/install/dual_arm_moveit_config/share/dual_arm_moveit_config/package.ps1'
[0.562s] INFO:colcon.colcon_core.shell:Creating package descriptor '/root/catkin_ws/install/dual_arm_moveit_config/share/dual_arm_moveit_config/package.dsv'
[0.562s] INFO:colcon.colcon_core.shell:Creating package script '/root/catkin_ws/install/dual_arm_moveit_config/share/dual_arm_moveit_config/package.sh'
[0.563s] INFO:colcon.colcon_core.shell:Creating package script '/root/catkin_ws/install/dual_arm_moveit_config/share/dual_arm_moveit_config/package.bash'
[0.563s] INFO:colcon.colcon_core.shell:Creating package script '/root/catkin_ws/install/dual_arm_moveit_config/share/dual_arm_moveit_config/package.zsh'
[0.563s] Level 1:colcon.colcon_core.environment:create_file_with_runtime_dependencies(/root/catkin_ws/install/dual_arm_moveit_config/share/colcon-core/packages/dual_arm_moveit_config)
[0.564s] Level 1:colcon.colcon_core.environment:create_environment_scripts_only(dual_arm_moveit_config)
[0.564s] Level 1:colcon.colcon_core.environment:checking '/root/catkin_ws/install/dual_arm_moveit_config' for CMake module files
[0.564s] Level 1:colcon.colcon_core.environment:checking '/root/catkin_ws/install/dual_arm_moveit_config' for CMake config files
[0.564s] Level 1:colcon.colcon_core.shell:create_environment_hook('dual_arm_moveit_config', 'cmake_prefix_path')
[0.564s] INFO:colcon.colcon_core.shell:Creating environment hook '/root/catkin_ws/install/dual_arm_moveit_config/share/dual_arm_moveit_config/hook/cmake_prefix_path.ps1'
[0.565s] INFO:colcon.colcon_core.shell:Creating environment descriptor '/root/catkin_ws/install/dual_arm_moveit_config/share/dual_arm_moveit_config/hook/cmake_prefix_path.dsv'
[0.565s] INFO:colcon.colcon_core.shell:Creating environment hook '/root/catkin_ws/install/dual_arm_moveit_config/share/dual_arm_moveit_config/hook/cmake_prefix_path.sh'
[0.565s] Level 1:colcon.colcon_core.environment:checking '/root/catkin_ws/install/dual_arm_moveit_config/bin'
[0.565s] Level 1:colcon.colcon_core.environment:checking '/root/catkin_ws/install/dual_arm_moveit_config/lib/pkgconfig/dual_arm_moveit_config.pc'
[0.566s] Level 1:colcon.colcon_core.environment:checking '/root/catkin_ws/install/dual_arm_moveit_config/lib/python3.10/site-packages'
[0.566s] Level 1:colcon.colcon_core.environment:checking '/root/catkin_ws/install/dual_arm_moveit_config/bin'
[0.567s] INFO:colcon.colcon_core.shell:Creating package script '/root/catkin_ws/install/dual_arm_moveit_config/share/dual_arm_moveit_config/package.ps1'
[0.567s] INFO:colcon.colcon_core.shell:Creating package descriptor '/root/catkin_ws/install/dual_arm_moveit_config/share/dual_arm_moveit_config/package.dsv'
[0.568s] INFO:colcon.colcon_core.shell:Creating package script '/root/catkin_ws/install/dual_arm_moveit_config/share/dual_arm_moveit_config/package.sh'
[0.568s] INFO:colcon.colcon_core.shell:Creating package script '/root/catkin_ws/install/dual_arm_moveit_config/share/dual_arm_moveit_config/package.bash'
[0.568s] INFO:colcon.colcon_core.shell:Creating package script '/root/catkin_ws/install/dual_arm_moveit_config/share/dual_arm_moveit_config/package.zsh'
[0.569s] Level 1:colcon.colcon_core.environment:create_file_with_runtime_dependencies(/root/catkin_ws/install/dual_arm_moveit_config/share/colcon-core/packages/dual_arm_moveit_config)
[0.824s] DEBUG:colcon.colcon_core.event_handler.log_command:Invoking command in '/root/catkin_ws/src/teleop_hand_tracking': PYTHONPATH=/root/catkin_ws/build/teleop_hand_tracking/prefix_override:/usr/lib/python3/dist-packages/colcon_core/task/python/colcon_distutils_commands:/root/catkin_ws/install/teleop_hand_tracking/lib/python3.10/site-packages:${PYTHONPATH} /usr/bin/python3 -W ignore:setup.py install is deprecated -W ignore:easy_install command is deprecated setup.py egg_info --egg-base ../../build/teleop_hand_tracking build --build-base /root/catkin_ws/build/teleop_hand_tracking/build install --record /root/catkin_ws/build/teleop_hand_tracking/install.log --single-version-externally-managed install_data
[1.053s] Level 1:colcon.colcon_core.environment:checking '/root/catkin_ws/install/teleop_hand_tracking' for CMake module files
[1.054s] DEBUG:colcon.colcon_core.event_handler.log_command:Invoked command in '/root/catkin_ws/src/teleop_hand_tracking' returned '0': PYTHONPATH=/root/catkin_ws/build/teleop_hand_tracking/prefix_override:/usr/lib/python3/dist-packages/colcon_core/task/python/colcon_distutils_commands:/root/catkin_ws/install/teleop_hand_tracking/lib/python3.10/site-packages:${PYTHONPATH} /usr/bin/python3 -W ignore:setup.py install is deprecated -W ignore:easy_install command is deprecated setup.py egg_info --egg-base ../../build/teleop_hand_tracking build --build-base /root/catkin_ws/build/teleop_hand_tracking/build install --record /root/catkin_ws/build/teleop_hand_tracking/install.log --single-version-externally-managed install_data
[1.054s] Level 1:colcon.colcon_core.environment:checking '/root/catkin_ws/install/teleop_hand_tracking' for CMake config files
[1.054s] Level 1:colcon.colcon_core.environment:checking '/root/catkin_ws/install/teleop_hand_tracking/lib'
[1.055s] Level 1:colcon.colcon_core.environment:checking '/root/catkin_ws/install/teleop_hand_tracking/bin'
[1.055s] Level 1:colcon.colcon_core.shell:create_environment_hook('teleop_hand_tracking', 'path')
[1.055s] INFO:colcon.colcon_core.shell:Creating environment hook '/root/catkin_ws/install/teleop_hand_tracking/share/teleop_hand_tracking/hook/path.ps1'
[1.055s] INFO:colcon.colcon_core.shell:Creating environment descriptor '/root/catkin_ws/install/teleop_hand_tracking/share/teleop_hand_tracking/hook/path.dsv'
[1.056s] INFO:colcon.colcon_core.shell:Creating environment hook '/root/catkin_ws/install/teleop_hand_tracking/share/teleop_hand_tracking/hook/path.sh'
[1.056s] Level 1:colcon.colcon_core.environment:checking '/root/catkin_ws/install/teleop_hand_tracking/lib/pkgconfig/teleop_hand_tracking.pc'
[1.056s] Level 1:colcon.colcon_core.environment:checking '/root/catkin_ws/install/teleop_hand_tracking/lib/python3.10/site-packages'
[1.056s] Level 1:colcon.colcon_core.shell:create_environment_hook('teleop_hand_tracking', 'pythonpath')
[1.056s] INFO:colcon.colcon_core.shell:Creating environment hook '/root/catkin_ws/install/teleop_hand_tracking/share/teleop_hand_tracking/hook/pythonpath.ps1'
[1.057s] INFO:colcon.colcon_core.shell:Creating environment descriptor '/root/catkin_ws/install/teleop_hand_tracking/share/teleop_hand_tracking/hook/pythonpath.dsv'
[1.057s] INFO:colcon.colcon_core.shell:Creating environment hook '/root/catkin_ws/install/teleop_hand_tracking/share/teleop_hand_tracking/hook/pythonpath.sh'
[1.058s] Level 1:colcon.colcon_core.environment:checking '/root/catkin_ws/install/teleop_hand_tracking/bin'
[1.058s] Level 1:colcon.colcon_core.shell:create_environment_hook('teleop_hand_tracking', 'pythonscriptspath')
[1.058s] INFO:colcon.colcon_core.shell:Creating environment hook '/root/catkin_ws/install/teleop_hand_tracking/share/teleop_hand_tracking/hook/pythonscriptspath.ps1'
[1.058s] INFO:colcon.colcon_core.shell:Creating environment descriptor '/root/catkin_ws/install/teleop_hand_tracking/share/teleop_hand_tracking/hook/pythonscriptspath.dsv'
[1.058s] INFO:colcon.colcon_core.shell:Creating environment hook '/root/catkin_ws/install/teleop_hand_tracking/share/teleop_hand_tracking/hook/pythonscriptspath.sh'
[1.059s] Level 1:colcon.colcon_core.environment:create_environment_scripts_only(teleop_hand_tracking)
[1.059s] INFO:colcon.colcon_core.shell:Creating package script '/root/catkin_ws/install/teleop_hand_tracking/share/teleop_hand_tracking/package.ps1'
[1.059s] INFO:colcon.colcon_core.shell:Creating package descriptor '/root/catkin_ws/install/teleop_hand_tracking/share/teleop_hand_tracking/package.dsv'
[1.060s] INFO:colcon.colcon_core.shell:Creating package script '/root/catkin_ws/install/teleop_hand_tracking/share/teleop_hand_tracking/package.sh'
[1.060s] INFO:colcon.colcon_core.shell:Creating package script '/root/catkin_ws/install/teleop_hand_tracking/share/teleop_hand_tracking/package.bash'
[1.061s] INFO:colcon.colcon_core.shell:Creating package script '/root/catkin_ws/install/teleop_hand_tracking/share/teleop_hand_tracking/package.zsh'
[1.061s] Level 1:colcon.colcon_core.environment:create_file_with_runtime_dependencies(/root/catkin_ws/install/teleop_hand_tracking/share/colcon-core/packages/teleop_hand_tracking)
[1.061s] DEBUG:colcon.colcon_parallel_executor.executor.parallel:closing loop
[1.061s] DEBUG:colcon.colcon_parallel_executor.executor.parallel:loop closed
[1.061s] DEBUG:colcon.colcon_parallel_executor.executor.parallel:run_until_complete finished with '0'
[1.061s] DEBUG:colcon.colcon_core.event_reactor:joining thread
[1.066s] INFO:colcon.colcon_core.plugin_system:Skipping extension 'colcon_notification.desktop_notification.notify_send': Could not find 'notify-send'
[1.066s] INFO:colcon.colcon_core.plugin_system:Skipping extension 'colcon_notification.desktop_notification.terminal_notifier': Not used on non-Darwin systems
[1.066s] INFO:colcon.colcon_core.plugin_system:Skipping extension 'colcon_notification.desktop_notification.win32': Not used on non-Windows systems
[1.066s] INFO:colcon.colcon_notification.desktop_notification:Sending desktop notification using 'notify2'
[1.068s] DEBUG:colcon.colcon_notification.desktop_notification.notify2:Failed to initialize notify2: org.freedesktop.DBus.Error.Spawn.ExecFailed: /usr/bin/dbus-launch terminated abnormally without any error message
[1.068s] DEBUG:colcon.colcon_core.event_reactor:joined thread
[1.069s] INFO:colcon.colcon_core.shell:Creating prefix script '/root/catkin_ws/install/local_setup.ps1'
[1.070s] INFO:colcon.colcon_core.shell:Creating prefix util module '/root/catkin_ws/install/_local_setup_util_ps1.py'
[1.071s] INFO:colcon.colcon_core.shell:Creating prefix chain script '/root/catkin_ws/install/setup.ps1'
[1.072s] INFO:colcon.colcon_core.shell:Creating prefix script '/root/catkin_ws/install/local_setup.sh'
[1.073s] INFO:colcon.colcon_core.shell:Creating prefix util module '/root/catkin_ws/install/_local_setup_util_sh.py'
[1.073s] INFO:colcon.colcon_core.shell:Creating prefix chain script '/root/catkin_ws/install/setup.sh'
[1.074s] INFO:colcon.colcon_core.shell:Creating prefix script '/root/catkin_ws/install/local_setup.bash'
[1.074s] INFO:colcon.colcon_core.shell:Creating prefix chain script '/root/catkin_ws/install/setup.bash'
[1.075s] INFO:colcon.colcon_core.shell:Creating prefix script '/root/catkin_ws/install/local_setup.zsh'
[1.076s] INFO:colcon.colcon_core.shell:Creating prefix chain script '/root/catkin_ws/install/setup.zsh'
