[0.017s] Invoking command in '/root/catkin_ws/build/dual_arm_description': CMAKE_PREFIX_PATH=${CMAKE_PREFIX_PATH}:/root/catkin_ws/install/teleop_hand_tracking:/opt/ros/humble /usr/bin/cmake --build /root/catkin_ws/build/dual_arm_description -- -j12 -l12
[0.225s] Invoked command in '/root/catkin_ws/build/dual_arm_description' returned '0': CMAKE_PREFIX_PATH=${CMAKE_PREFIX_PATH}:/root/catkin_ws/install/teleop_hand_tracking:/opt/ros/humble /usr/bin/cmake --build /root/catkin_ws/build/dual_arm_description -- -j12 -l12
[0.231s] Invoking command in '/root/catkin_ws/build/dual_arm_description': CMAKE_PREFIX_PATH=${CMAKE_PREFIX_PATH}:/root/catkin_ws/install/teleop_hand_tracking:/opt/ros/humble /usr/bin/cmake --install /root/catkin_ws/build/dual_arm_description
[0.237s] -- Install configuration: ""
[0.238s] -- Up-to-date: /root/catkin_ws/install/dual_arm_description/share/ament_index/resource_index/package_run_dependencies/dual_arm_description
[0.238s] -- Up-to-date: /root/catkin_ws/install/dual_arm_description/share/ament_index/resource_index/parent_prefix_path/dual_arm_description
[0.238s] -- Up-to-date: /root/catkin_ws/install/dual_arm_description/share/dual_arm_description/environment/ament_prefix_path.sh
[0.238s] -- Up-to-date: /root/catkin_ws/install/dual_arm_description/share/dual_arm_description/environment/ament_prefix_path.dsv
[0.238s] -- Up-to-date: /root/catkin_ws/install/dual_arm_description/share/dual_arm_description/environment/path.sh
[0.238s] -- Up-to-date: /root/catkin_ws/install/dual_arm_description/share/dual_arm_description/environment/path.dsv
[0.238s] -- Up-to-date: /root/catkin_ws/install/dual_arm_description/share/dual_arm_description/local_setup.bash
[0.238s] -- Up-to-date: /root/catkin_ws/install/dual_arm_description/share/dual_arm_description/local_setup.sh
[0.238s] -- Up-to-date: /root/catkin_ws/install/dual_arm_description/share/dual_arm_description/local_setup.zsh
[0.238s] -- Up-to-date: /root/catkin_ws/install/dual_arm_description/share/dual_arm_description/local_setup.dsv
[0.238s] -- Installing: /root/catkin_ws/install/dual_arm_description/share/dual_arm_description/package.dsv
[0.238s] -- Up-to-date: /root/catkin_ws/install/dual_arm_description/share/ament_index/resource_index/packages/dual_arm_description
[0.238s] -- Up-to-date: /root/catkin_ws/install/dual_arm_description/share/dual_arm_description/cmake/dual_arm_descriptionConfig.cmake
[0.238s] -- Up-to-date: /root/catkin_ws/install/dual_arm_description/share/dual_arm_description/cmake/dual_arm_descriptionConfig-version.cmake
[0.238s] -- Up-to-date: /root/catkin_ws/install/dual_arm_description/share/dual_arm_description/package.xml
[0.239s] Invoked command in '/root/catkin_ws/build/dual_arm_description' returned '0': CMAKE_PREFIX_PATH=${CMAKE_PREFIX_PATH}:/root/catkin_ws/install/teleop_hand_tracking:/opt/ros/humble /usr/bin/cmake --install /root/catkin_ws/build/dual_arm_description
