running egg_info
writing ../../build/teleop_hand_tracking/teleop_hand_tracking.egg-info/PKG-INFO
writing dependency_links to ../../build/teleop_hand_tracking/teleop_hand_tracking.egg-info/dependency_links.txt
writing entry points to ../../build/teleop_hand_tracking/teleop_hand_tracking.egg-info/entry_points.txt
writing requirements to ../../build/teleop_hand_tracking/teleop_hand_tracking.egg-info/requires.txt
writing top-level names to ../../build/teleop_hand_tracking/teleop_hand_tracking.egg-info/top_level.txt
reading manifest file '../../build/teleop_hand_tracking/teleop_hand_tracking.egg-info/SOURCES.txt'
writing manifest file '../../build/teleop_hand_tracking/teleop_hand_tracking.egg-info/SOURCES.txt'
running build
running build_py
running install
running install_lib
running install_data
running install_egg_info
removing '/root/catkin_ws/install/teleop_hand_tracking/lib/python3.10/site-packages/teleop_hand_tracking-0.1.0-py3.10.egg-info' (and everything under it)
Copying ../../build/teleop_hand_tracking/teleop_hand_tracking.egg-info to /root/catkin_ws/install/teleop_hand_tracking/lib/python3.10/site-packages/teleop_hand_tracking-0.1.0-py3.10.egg-info
running install_scripts
Installing hand_tracker_node script to /root/catkin_ws/install/teleop_hand_tracking/lib/teleop_hand_tracking
Installing joint_state_relay script to /root/catkin_ws/install/teleop_hand_tracking/lib/teleop_hand_tracking
Installing servo_to_joint_state_node script to /root/catkin_ws/install/teleop_hand_tracking/lib/teleop_hand_tracking
writing list of installed files to '/root/catkin_ws/build/teleop_hand_tracking/install.log'
