[0.015s] Invoking command in '/root/catkin_ws/build/dual_arm_moveit_config': CMAKE_PREFIX_PATH=${CMAKE_PREFIX_PATH}:/root/catkin_ws/install/teleop_hand_tracking:/root/hand_teleop/install/robot_bringup:/opt/ros/humble /usr/bin/cmake --build /root/catkin_ws/build/dual_arm_moveit_config -- -j12 -l12
[0.235s] Invoked command in '/root/catkin_ws/build/dual_arm_moveit_config' returned '0': CMAKE_PREFIX_PATH=${CMAKE_PREFIX_PATH}:/root/catkin_ws/install/teleop_hand_tracking:/root/hand_teleop/install/robot_bringup:/opt/ros/humble /usr/bin/cmake --build /root/catkin_ws/build/dual_arm_moveit_config -- -j12 -l12
[0.243s] Invoking command in '/root/catkin_ws/build/dual_arm_moveit_config': CMAKE_PREFIX_PATH=${CMAKE_PREFIX_PATH}:/root/catkin_ws/install/teleop_hand_tracking:/root/hand_teleop/install/robot_bringup:/opt/ros/humble /usr/bin/cmake --install /root/catkin_ws/build/dual_arm_moveit_config
[0.248s] -- Install configuration: ""
[0.248s] -- Execute custom install script
[0.248s] -- Up-to-date symlink: /root/catkin_ws/install/dual_arm_moveit_config/share/dual_arm_moveit_config/launch/dual_arm_rviz.launch.py
[0.248s] -- Up-to-date symlink: /root/catkin_ws/install/dual_arm_moveit_config/share/dual_arm_moveit_config/launch/servo.launch.py
[0.249s] -- Up-to-date symlink: /root/catkin_ws/install/dual_arm_moveit_config/share/dual_arm_moveit_config/config/dual_arm.srdf
[0.249s] -- Up-to-date symlink: /root/catkin_ws/install/dual_arm_moveit_config/share/dual_arm_moveit_config/config/kinematics.yaml
[0.249s] -- Up-to-date symlink: /root/catkin_ws/install/dual_arm_moveit_config/share/dual_arm_moveit_config/config/servo_left.yaml
[0.249s] -- Up-to-date symlink: /root/catkin_ws/install/dual_arm_moveit_config/share/dual_arm_moveit_config/config/servo_right.yaml
[0.249s] -- Up-to-date symlink: /root/catkin_ws/install/dual_arm_moveit_config/share/ament_index/resource_index/package_run_dependencies/dual_arm_moveit_config
[0.249s] -- Up-to-date symlink: /root/catkin_ws/install/dual_arm_moveit_config/share/ament_index/resource_index/parent_prefix_path/dual_arm_moveit_config
[0.249s] -- Up-to-date symlink: /root/catkin_ws/install/dual_arm_moveit_config/share/dual_arm_moveit_config/environment/ament_prefix_path.sh
[0.249s] -- Up-to-date symlink: /root/catkin_ws/install/dual_arm_moveit_config/share/dual_arm_moveit_config/environment/ament_prefix_path.dsv
[0.249s] -- Up-to-date symlink: /root/catkin_ws/install/dual_arm_moveit_config/share/dual_arm_moveit_config/environment/path.sh
[0.249s] -- Up-to-date symlink: /root/catkin_ws/install/dual_arm_moveit_config/share/dual_arm_moveit_config/environment/path.dsv
[0.250s] -- Up-to-date symlink: /root/catkin_ws/install/dual_arm_moveit_config/share/dual_arm_moveit_config/local_setup.bash
[0.250s] -- Up-to-date symlink: /root/catkin_ws/install/dual_arm_moveit_config/share/dual_arm_moveit_config/local_setup.sh
[0.250s] -- Up-to-date symlink: /root/catkin_ws/install/dual_arm_moveit_config/share/dual_arm_moveit_config/local_setup.zsh
[0.250s] -- Up-to-date symlink: /root/catkin_ws/install/dual_arm_moveit_config/share/dual_arm_moveit_config/local_setup.dsv
[0.250s] -- Symlinking: /root/catkin_ws/install/dual_arm_moveit_config/share/dual_arm_moveit_config/package.dsv
[0.256s] -- Up-to-date symlink: /root/catkin_ws/install/dual_arm_moveit_config/share/ament_index/resource_index/packages/dual_arm_moveit_config
[0.256s] -- Up-to-date symlink: /root/catkin_ws/install/dual_arm_moveit_config/share/dual_arm_moveit_config/cmake/dual_arm_moveit_configConfig.cmake
[0.257s] -- Up-to-date symlink: /root/catkin_ws/install/dual_arm_moveit_config/share/dual_arm_moveit_config/cmake/dual_arm_moveit_configConfig-version.cmake
[0.257s] -- Up-to-date symlink: /root/catkin_ws/install/dual_arm_moveit_config/share/dual_arm_moveit_config/package.xml
[0.258s] Invoked command in '/root/catkin_ws/build/dual_arm_moveit_config' returned '0': CMAKE_PREFIX_PATH=${CMAKE_PREFIX_PATH}:/root/catkin_ws/install/teleop_hand_tracking:/root/hand_teleop/install/robot_bringup:/opt/ros/humble /usr/bin/cmake --install /root/catkin_ws/build/dual_arm_moveit_config
