[0.088s] DEBUG:colcon:Command line arguments: ['/usr/bin/colcon', 'build']
[0.088s] DEBUG:colcon:Parsed command line arguments: Namespace(log_base=None, log_level=None, verb_name='build', build_base='build', install_base='install', merge_install=False, symlink_install=False, test_result_base=None, continue_on_error=False, executor='parallel', parallel_workers=12, event_handlers=None, ignore_user_meta=False, metas=['./colcon.meta'], base_paths=['.'], packages_ignore=None, packages_ignore_regex=None, paths=None, packages_up_to=None, packages_up_to_regex=None, packages_above=None, packages_above_and_dependencies=None, packages_above_depth=None, packages_select_by_dep=None, packages_skip_by_dep=None, packages_skip_up_to=None, packages_select_build_failed=False, packages_skip_build_finished=False, packages_select_test_failures=False, packages_skip_test_passed=False, packages_select=None, packages_skip=None, packages_select_regex=None, packages_skip_regex=None, packages_start=None, packages_end=None, cmake_args=None, cmake_target=None, cmake_target_skip_unavailable=False, cmake_clean_cache=False, cmake_clean_first=False, cmake_force_configure=False, ament_cmake_args=None, catkin_cmake_args=None, catkin_skip_building_tests=False, mixin_files=None, mixin=None, verb_parser=<colcon_mixin.mixin.mixin_argument.MixinArgumentDecorator object at 0x70afcd557f70>, verb_extension=<colcon_core.verb.build.BuildVerb object at 0x70afcd69cf70>, main=<bound method BuildVerb.main of <colcon_core.verb.build.BuildVerb object at 0x70afcd69cf70>>, mixin_verb=('build',))
[0.206s] Level 1:colcon.colcon_core.package_discovery:discover_packages(colcon_meta) check parameters
[0.206s] Level 1:colcon.colcon_core.package_discovery:discover_packages(recursive) check parameters
[0.206s] Level 1:colcon.colcon_core.package_discovery:discover_packages(ignore) check parameters
[0.206s] Level 1:colcon.colcon_core.package_discovery:discover_packages(path) check parameters
[0.206s] Level 1:colcon.colcon_core.package_discovery:discover_packages(colcon_meta) discover
[0.206s] Level 1:colcon.colcon_core.package_discovery:discover_packages(recursive) discover
[0.206s] INFO:colcon.colcon_core.package_discovery:Crawling recursively for packages in '/root/catkin_ws'
[0.206s] Level 1:colcon.colcon_core.package_identification:_identify(.) by extensions ['ignore', 'ignore_ament_install']
[0.206s] Level 1:colcon.colcon_core.package_identification:_identify(.) by extension 'ignore'
[0.206s] Level 1:colcon.colcon_core.package_identification:_identify(.) by extension 'ignore_ament_install'
[0.206s] Level 1:colcon.colcon_core.package_identification:_identify(.) by extensions ['colcon_pkg']
[0.206s] Level 1:colcon.colcon_core.package_identification:_identify(.) by extension 'colcon_pkg'
[0.206s] Level 1:colcon.colcon_core.package_identification:_identify(.) by extensions ['colcon_meta']
[0.206s] Level 1:colcon.colcon_core.package_identification:_identify(.) by extension 'colcon_meta'
[0.206s] Level 1:colcon.colcon_core.package_identification:_identify(.) by extensions ['ros']
[0.206s] Level 1:colcon.colcon_core.package_identification:_identify(.) by extension 'ros'
[0.215s] Level 1:colcon.colcon_core.package_identification:_identify(.) by extensions ['cmake', 'python']
[0.215s] Level 1:colcon.colcon_core.package_identification:_identify(.) by extension 'cmake'
[0.215s] Level 1:colcon.colcon_core.package_identification:_identify(.) by extension 'python'
[0.215s] Level 1:colcon.colcon_core.package_identification:_identify(.) by extensions ['python_setup_py']
[0.215s] Level 1:colcon.colcon_core.package_identification:_identify(.) by extension 'python_setup_py'
[0.215s] Level 1:colcon.colcon_core.package_identification:_identify(build) by extensions ['ignore', 'ignore_ament_install']
[0.215s] Level 1:colcon.colcon_core.package_identification:_identify(build) by extension 'ignore'
[0.216s] Level 1:colcon.colcon_core.package_identification:_identify(build) ignored
[0.216s] Level 1:colcon.colcon_core.package_identification:_identify(install) by extensions ['ignore', 'ignore_ament_install']
[0.216s] Level 1:colcon.colcon_core.package_identification:_identify(install) by extension 'ignore'
[0.216s] Level 1:colcon.colcon_core.package_identification:_identify(install) ignored
[0.216s] Level 1:colcon.colcon_core.package_identification:_identify(log) by extensions ['ignore', 'ignore_ament_install']
[0.216s] Level 1:colcon.colcon_core.package_identification:_identify(log) by extension 'ignore'
[0.216s] Level 1:colcon.colcon_core.package_identification:_identify(log) ignored
[0.216s] Level 1:colcon.colcon_core.package_identification:_identify(src) by extensions ['ignore', 'ignore_ament_install']
[0.216s] Level 1:colcon.colcon_core.package_identification:_identify(src) by extension 'ignore'
[0.216s] Level 1:colcon.colcon_core.package_identification:_identify(src) by extension 'ignore_ament_install'
[0.216s] Level 1:colcon.colcon_core.package_identification:_identify(src) by extensions ['colcon_pkg']
[0.216s] Level 1:colcon.colcon_core.package_identification:_identify(src) by extension 'colcon_pkg'
[0.216s] Level 1:colcon.colcon_core.package_identification:_identify(src) by extensions ['colcon_meta']
[0.216s] Level 1:colcon.colcon_core.package_identification:_identify(src) by extension 'colcon_meta'
[0.216s] Level 1:colcon.colcon_core.package_identification:_identify(src) by extensions ['ros']
[0.216s] Level 1:colcon.colcon_core.package_identification:_identify(src) by extension 'ros'
[0.216s] Level 1:colcon.colcon_core.package_identification:_identify(src) by extensions ['cmake', 'python']
[0.216s] Level 1:colcon.colcon_core.package_identification:_identify(src) by extension 'cmake'
[0.216s] Level 1:colcon.colcon_core.package_identification:_identify(src) by extension 'python'
[0.216s] Level 1:colcon.colcon_core.package_identification:_identify(src) by extensions ['python_setup_py']
[0.216s] Level 1:colcon.colcon_core.package_identification:_identify(src) by extension 'python_setup_py'
[0.217s] Level 1:colcon.colcon_core.package_identification:_identify(src/dual_arm_description) by extensions ['ignore', 'ignore_ament_install']
[0.217s] Level 1:colcon.colcon_core.package_identification:_identify(src/dual_arm_description) by extension 'ignore'
[0.217s] Level 1:colcon.colcon_core.package_identification:_identify(src/dual_arm_description) by extension 'ignore_ament_install'
[0.217s] Level 1:colcon.colcon_core.package_identification:_identify(src/dual_arm_description) by extensions ['colcon_pkg']
[0.217s] Level 1:colcon.colcon_core.package_identification:_identify(src/dual_arm_description) by extension 'colcon_pkg'
[0.217s] Level 1:colcon.colcon_core.package_identification:_identify(src/dual_arm_description) by extensions ['colcon_meta']
[0.217s] Level 1:colcon.colcon_core.package_identification:_identify(src/dual_arm_description) by extension 'colcon_meta'
[0.217s] Level 1:colcon.colcon_core.package_identification:_identify(src/dual_arm_description) by extensions ['ros']
[0.217s] Level 1:colcon.colcon_core.package_identification:_identify(src/dual_arm_description) by extension 'ros'
[0.219s] DEBUG:colcon.colcon_core.package_identification:Package 'src/dual_arm_description' with type 'ros.ament_cmake' and name 'dual_arm_description'
[0.219s] Level 1:colcon.colcon_core.package_identification:_identify(src/dual_arm_moveit_config) by extensions ['ignore', 'ignore_ament_install']
[0.219s] Level 1:colcon.colcon_core.package_identification:_identify(src/dual_arm_moveit_config) by extension 'ignore'
[0.219s] Level 1:colcon.colcon_core.package_identification:_identify(src/dual_arm_moveit_config) by extension 'ignore_ament_install'
[0.219s] Level 1:colcon.colcon_core.package_identification:_identify(src/dual_arm_moveit_config) by extensions ['colcon_pkg']
[0.219s] Level 1:colcon.colcon_core.package_identification:_identify(src/dual_arm_moveit_config) by extension 'colcon_pkg'
[0.219s] Level 1:colcon.colcon_core.package_identification:_identify(src/dual_arm_moveit_config) by extensions ['colcon_meta']
[0.219s] Level 1:colcon.colcon_core.package_identification:_identify(src/dual_arm_moveit_config) by extension 'colcon_meta'
[0.219s] Level 1:colcon.colcon_core.package_identification:_identify(src/dual_arm_moveit_config) by extensions ['ros']
[0.219s] Level 1:colcon.colcon_core.package_identification:_identify(src/dual_arm_moveit_config) by extension 'ros'
[0.219s] DEBUG:colcon.colcon_core.package_identification:Package 'src/dual_arm_moveit_config' with type 'ros.ament_cmake' and name 'dual_arm_moveit_config'
[0.219s] Level 1:colcon.colcon_core.package_identification:_identify(src/teleop_hand_tracking) by extensions ['ignore', 'ignore_ament_install']
[0.220s] Level 1:colcon.colcon_core.package_identification:_identify(src/teleop_hand_tracking) by extension 'ignore'
[0.220s] Level 1:colcon.colcon_core.package_identification:_identify(src/teleop_hand_tracking) by extension 'ignore_ament_install'
[0.220s] Level 1:colcon.colcon_core.package_identification:_identify(src/teleop_hand_tracking) by extensions ['colcon_pkg']
[0.220s] Level 1:colcon.colcon_core.package_identification:_identify(src/teleop_hand_tracking) by extension 'colcon_pkg'
[0.220s] Level 1:colcon.colcon_core.package_identification:_identify(src/teleop_hand_tracking) by extensions ['colcon_meta']
[0.220s] Level 1:colcon.colcon_core.package_identification:_identify(src/teleop_hand_tracking) by extension 'colcon_meta'
[0.220s] Level 1:colcon.colcon_core.package_identification:_identify(src/teleop_hand_tracking) by extensions ['ros']
[0.220s] Level 1:colcon.colcon_core.package_identification:_identify(src/teleop_hand_tracking) by extension 'ros'
[0.220s] DEBUG:colcon.colcon_core.package_identification:Package 'src/teleop_hand_tracking' with type 'ros.ament_python' and name 'teleop_hand_tracking'
[0.220s] Level 1:colcon.colcon_core.package_discovery:discover_packages(recursive) using defaults
[0.220s] Level 1:colcon.colcon_core.package_discovery:discover_packages(ignore) discover
[0.220s] Level 1:colcon.colcon_core.package_discovery:discover_packages(ignore) using defaults
[0.220s] Level 1:colcon.colcon_core.package_discovery:discover_packages(path) discover
[0.220s] Level 1:colcon.colcon_core.package_discovery:discover_packages(path) using defaults
[0.236s] Level 5:colcon.colcon_core.verb:set package 'dual_arm_description' build argument 'cmake_args' from command line to 'None'
[0.236s] Level 5:colcon.colcon_core.verb:set package 'dual_arm_description' build argument 'cmake_target' from command line to 'None'
[0.236s] Level 5:colcon.colcon_core.verb:set package 'dual_arm_description' build argument 'cmake_target_skip_unavailable' from command line to 'False'
[0.236s] Level 5:colcon.colcon_core.verb:set package 'dual_arm_description' build argument 'cmake_clean_cache' from command line to 'False'
[0.236s] Level 5:colcon.colcon_core.verb:set package 'dual_arm_description' build argument 'cmake_clean_first' from command line to 'False'
[0.236s] Level 5:colcon.colcon_core.verb:set package 'dual_arm_description' build argument 'cmake_force_configure' from command line to 'False'
[0.236s] Level 5:colcon.colcon_core.verb:set package 'dual_arm_description' build argument 'ament_cmake_args' from command line to 'None'
[0.236s] Level 5:colcon.colcon_core.verb:set package 'dual_arm_description' build argument 'catkin_cmake_args' from command line to 'None'
[0.236s] Level 5:colcon.colcon_core.verb:set package 'dual_arm_description' build argument 'catkin_skip_building_tests' from command line to 'False'
[0.236s] DEBUG:colcon.colcon_core.verb:Building package 'dual_arm_description' with the following arguments: {'ament_cmake_args': None, 'build_base': '/root/catkin_ws/build/dual_arm_description', 'catkin_cmake_args': None, 'catkin_skip_building_tests': False, 'cmake_args': None, 'cmake_clean_cache': False, 'cmake_clean_first': False, 'cmake_force_configure': False, 'cmake_target': None, 'cmake_target_skip_unavailable': False, 'install_base': '/root/catkin_ws/install/dual_arm_description', 'merge_install': False, 'path': '/root/catkin_ws/src/dual_arm_description', 'symlink_install': False, 'test_result_base': None}
[0.237s] Level 5:colcon.colcon_core.verb:set package 'dual_arm_moveit_config' build argument 'cmake_args' from command line to 'None'
[0.237s] Level 5:colcon.colcon_core.verb:set package 'dual_arm_moveit_config' build argument 'cmake_target' from command line to 'None'
[0.237s] Level 5:colcon.colcon_core.verb:set package 'dual_arm_moveit_config' build argument 'cmake_target_skip_unavailable' from command line to 'False'
[0.237s] Level 5:colcon.colcon_core.verb:set package 'dual_arm_moveit_config' build argument 'cmake_clean_cache' from command line to 'False'
[0.237s] Level 5:colcon.colcon_core.verb:set package 'dual_arm_moveit_config' build argument 'cmake_clean_first' from command line to 'False'
[0.237s] Level 5:colcon.colcon_core.verb:set package 'dual_arm_moveit_config' build argument 'cmake_force_configure' from command line to 'False'
[0.237s] Level 5:colcon.colcon_core.verb:set package 'dual_arm_moveit_config' build argument 'ament_cmake_args' from command line to 'None'
[0.237s] Level 5:colcon.colcon_core.verb:set package 'dual_arm_moveit_config' build argument 'catkin_cmake_args' from command line to 'None'
[0.237s] Level 5:colcon.colcon_core.verb:set package 'dual_arm_moveit_config' build argument 'catkin_skip_building_tests' from command line to 'False'
[0.237s] DEBUG:colcon.colcon_core.verb:Building package 'dual_arm_moveit_config' with the following arguments: {'ament_cmake_args': None, 'build_base': '/root/catkin_ws/build/dual_arm_moveit_config', 'catkin_cmake_args': None, 'catkin_skip_building_tests': False, 'cmake_args': None, 'cmake_clean_cache': False, 'cmake_clean_first': False, 'cmake_force_configure': False, 'cmake_target': None, 'cmake_target_skip_unavailable': False, 'install_base': '/root/catkin_ws/install/dual_arm_moveit_config', 'merge_install': False, 'path': '/root/catkin_ws/src/dual_arm_moveit_config', 'symlink_install': False, 'test_result_base': None}
[0.237s] Level 5:colcon.colcon_core.verb:set package 'teleop_hand_tracking' build argument 'cmake_args' from command line to 'None'
[0.237s] Level 5:colcon.colcon_core.verb:set package 'teleop_hand_tracking' build argument 'cmake_target' from command line to 'None'
[0.237s] Level 5:colcon.colcon_core.verb:set package 'teleop_hand_tracking' build argument 'cmake_target_skip_unavailable' from command line to 'False'
[0.237s] Level 5:colcon.colcon_core.verb:set package 'teleop_hand_tracking' build argument 'cmake_clean_cache' from command line to 'False'
[0.237s] Level 5:colcon.colcon_core.verb:set package 'teleop_hand_tracking' build argument 'cmake_clean_first' from command line to 'False'
[0.237s] Level 5:colcon.colcon_core.verb:set package 'teleop_hand_tracking' build argument 'cmake_force_configure' from command line to 'False'
[0.237s] Level 5:colcon.colcon_core.verb:set package 'teleop_hand_tracking' build argument 'ament_cmake_args' from command line to 'None'
[0.237s] Level 5:colcon.colcon_core.verb:set package 'teleop_hand_tracking' build argument 'catkin_cmake_args' from command line to 'None'
[0.237s] Level 5:colcon.colcon_core.verb:set package 'teleop_hand_tracking' build argument 'catkin_skip_building_tests' from command line to 'False'
[0.237s] DEBUG:colcon.colcon_core.verb:Building package 'teleop_hand_tracking' with the following arguments: {'ament_cmake_args': None, 'build_base': '/root/catkin_ws/build/teleop_hand_tracking', 'catkin_cmake_args': None, 'catkin_skip_building_tests': False, 'cmake_args': None, 'cmake_clean_cache': False, 'cmake_clean_first': False, 'cmake_force_configure': False, 'cmake_target': None, 'cmake_target_skip_unavailable': False, 'install_base': '/root/catkin_ws/install/teleop_hand_tracking', 'merge_install': False, 'path': '/root/catkin_ws/src/teleop_hand_tracking', 'symlink_install': False, 'test_result_base': None}
[0.238s] INFO:colcon.colcon_core.executor:Executing jobs using 'parallel' executor
[0.238s] DEBUG:colcon.colcon_parallel_executor.executor.parallel:run_until_complete
[0.238s] INFO:colcon.colcon_ros.task.ament_cmake.build:Building ROS package in '/root/catkin_ws/src/dual_arm_description' with build type 'ament_cmake'
[0.239s] INFO:colcon.colcon_cmake.task.cmake.build:Building CMake package in '/root/catkin_ws/src/dual_arm_description'
[0.240s] INFO:colcon.colcon_core.plugin_system:Skipping extension 'colcon_core.shell.bat': Not used on non-Windows systems
[0.241s] INFO:colcon.colcon_core.shell:Skip shell extension 'powershell' for command environment: Not usable outside of PowerShell
[0.241s] DEBUG:colcon.colcon_core.shell:Skip shell extension 'dsv' for command environment
[0.245s] INFO:colcon.colcon_ros.task.ament_cmake.build:Building ROS package in '/root/catkin_ws/src/dual_arm_moveit_config' with build type 'ament_cmake'
[0.245s] INFO:colcon.colcon_cmake.task.cmake.build:Building CMake package in '/root/catkin_ws/src/dual_arm_moveit_config'
[0.245s] INFO:colcon.colcon_core.shell:Skip shell extension 'powershell' for command environment: Not usable outside of PowerShell
[0.245s] DEBUG:colcon.colcon_core.shell:Skip shell extension 'dsv' for command environment
[0.249s] INFO:colcon.colcon_ros.task.ament_python.build:Building ROS package in '/root/catkin_ws/src/teleop_hand_tracking' with build type 'ament_python'
[0.249s] Level 1:colcon.colcon_core.shell:create_environment_hook('teleop_hand_tracking', 'ament_prefix_path')
[0.249s] INFO:colcon.colcon_core.shell:Creating environment hook '/root/catkin_ws/install/teleop_hand_tracking/share/teleop_hand_tracking/hook/ament_prefix_path.ps1'
[0.250s] INFO:colcon.colcon_core.shell:Creating environment descriptor '/root/catkin_ws/install/teleop_hand_tracking/share/teleop_hand_tracking/hook/ament_prefix_path.dsv'
[0.251s] INFO:colcon.colcon_core.shell:Creating environment hook '/root/catkin_ws/install/teleop_hand_tracking/share/teleop_hand_tracking/hook/ament_prefix_path.sh'
[0.252s] INFO:colcon.colcon_core.shell:Skip shell extension 'powershell' for command environment: Not usable outside of PowerShell
[0.252s] DEBUG:colcon.colcon_core.shell:Skip shell extension 'dsv' for command environment
[0.259s] DEBUG:colcon.colcon_core.event_handler.log_command:Invoking command in '/root/catkin_ws/build/dual_arm_description': CMAKE_PREFIX_PATH=${CMAKE_PREFIX_PATH}:/root/catkin_ws/install/teleop_hand_tracking:/opt/ros/humble /usr/bin/cmake --build /root/catkin_ws/build/dual_arm_description -- -j12 -l12
[0.262s] DEBUG:colcon.colcon_core.event_handler.log_command:Invoking command in '/root/catkin_ws/build/dual_arm_moveit_config': CMAKE_PREFIX_PATH=${CMAKE_PREFIX_PATH}:/root/catkin_ws/install/teleop_hand_tracking:/opt/ros/humble /usr/bin/cmake --build /root/catkin_ws/build/dual_arm_moveit_config -- -j12 -l12
[0.459s] INFO:colcon.colcon_core.task.python.build:Building Python package in '/root/catkin_ws/src/teleop_hand_tracking'
[0.459s] INFO:colcon.colcon_core.shell:Skip shell extension 'powershell' for command environment: Not usable outside of PowerShell
[0.459s] DEBUG:colcon.colcon_core.shell:Skip shell extension 'dsv' for command environment
[0.463s] DEBUG:colcon.colcon_core.event_handler.log_command:Invoked command in '/root/catkin_ws/build/dual_arm_description' returned '0': CMAKE_PREFIX_PATH=${CMAKE_PREFIX_PATH}:/root/catkin_ws/install/teleop_hand_tracking:/opt/ros/humble /usr/bin/cmake --build /root/catkin_ws/build/dual_arm_description -- -j12 -l12
[0.470s] DEBUG:colcon.colcon_core.event_handler.log_command:Invoking command in '/root/catkin_ws/build/dual_arm_description': CMAKE_PREFIX_PATH=${CMAKE_PREFIX_PATH}:/root/catkin_ws/install/teleop_hand_tracking:/opt/ros/humble /usr/bin/cmake --install /root/catkin_ws/build/dual_arm_description
[0.471s] DEBUG:colcon.colcon_core.event_handler.log_command:Invoked command in '/root/catkin_ws/build/dual_arm_moveit_config' returned '0': CMAKE_PREFIX_PATH=${CMAKE_PREFIX_PATH}:/root/catkin_ws/install/teleop_hand_tracking:/opt/ros/humble /usr/bin/cmake --build /root/catkin_ws/build/dual_arm_moveit_config -- -j12 -l12
[0.473s] DEBUG:colcon.colcon_core.event_handler.log_command:Invoking command in '/root/catkin_ws/build/dual_arm_moveit_config': CMAKE_PREFIX_PATH=${CMAKE_PREFIX_PATH}:/root/catkin_ws/install/teleop_hand_tracking:/opt/ros/humble /usr/bin/cmake --install /root/catkin_ws/build/dual_arm_moveit_config
[0.478s] Level 1:colcon.colcon_core.environment:create_environment_scripts_only(dual_arm_description)
[0.479s] DEBUG:colcon.colcon_core.event_handler.log_command:Invoked command in '/root/catkin_ws/build/dual_arm_description' returned '0': CMAKE_PREFIX_PATH=${CMAKE_PREFIX_PATH}:/root/catkin_ws/install/teleop_hand_tracking:/opt/ros/humble /usr/bin/cmake --install /root/catkin_ws/build/dual_arm_description
[0.481s] Level 1:colcon.colcon_core.environment:checking '/root/catkin_ws/install/dual_arm_description' for CMake module files
[0.482s] Level 1:colcon.colcon_core.environment:checking '/root/catkin_ws/install/dual_arm_description' for CMake config files
[0.482s] Level 1:colcon.colcon_core.shell:create_environment_hook('dual_arm_description', 'cmake_prefix_path')
[0.482s] INFO:colcon.colcon_core.shell:Creating environment hook '/root/catkin_ws/install/dual_arm_description/share/dual_arm_description/hook/cmake_prefix_path.ps1'
[0.483s] INFO:colcon.colcon_core.shell:Creating environment descriptor '/root/catkin_ws/install/dual_arm_description/share/dual_arm_description/hook/cmake_prefix_path.dsv'
[0.483s] INFO:colcon.colcon_core.shell:Creating environment hook '/root/catkin_ws/install/dual_arm_description/share/dual_arm_description/hook/cmake_prefix_path.sh'
[0.483s] Level 1:colcon.colcon_core.environment:checking '/root/catkin_ws/install/dual_arm_description/bin'
[0.483s] Level 1:colcon.colcon_core.environment:checking '/root/catkin_ws/install/dual_arm_description/lib/pkgconfig/dual_arm_description.pc'
[0.484s] Level 1:colcon.colcon_core.environment:checking '/root/catkin_ws/install/dual_arm_description/lib/python3.10/site-packages'
[0.484s] Level 1:colcon.colcon_core.environment:checking '/root/catkin_ws/install/dual_arm_description/bin'
[0.484s] INFO:colcon.colcon_core.shell:Creating package script '/root/catkin_ws/install/dual_arm_description/share/dual_arm_description/package.ps1'
[0.485s] INFO:colcon.colcon_core.shell:Creating package descriptor '/root/catkin_ws/install/dual_arm_description/share/dual_arm_description/package.dsv'
[0.485s] INFO:colcon.colcon_core.shell:Creating package script '/root/catkin_ws/install/dual_arm_description/share/dual_arm_description/package.sh'
[0.486s] INFO:colcon.colcon_core.shell:Creating package script '/root/catkin_ws/install/dual_arm_description/share/dual_arm_description/package.bash'
[0.486s] INFO:colcon.colcon_core.shell:Creating package script '/root/catkin_ws/install/dual_arm_description/share/dual_arm_description/package.zsh'
[0.495s] Level 1:colcon.colcon_core.environment:create_file_with_runtime_dependencies(/root/catkin_ws/install/dual_arm_description/share/colcon-core/packages/dual_arm_description)
[0.495s] Level 1:colcon.colcon_core.environment:create_environment_scripts_only(dual_arm_description)
[0.496s] Level 1:colcon.colcon_core.environment:checking '/root/catkin_ws/install/dual_arm_description' for CMake module files
[0.496s] Level 1:colcon.colcon_core.environment:checking '/root/catkin_ws/install/dual_arm_description' for CMake config files
[0.496s] Level 1:colcon.colcon_core.shell:create_environment_hook('dual_arm_description', 'cmake_prefix_path')
[0.496s] INFO:colcon.colcon_core.shell:Creating environment hook '/root/catkin_ws/install/dual_arm_description/share/dual_arm_description/hook/cmake_prefix_path.ps1'
[0.497s] INFO:colcon.colcon_core.shell:Creating environment descriptor '/root/catkin_ws/install/dual_arm_description/share/dual_arm_description/hook/cmake_prefix_path.dsv'
[0.497s] INFO:colcon.colcon_core.shell:Creating environment hook '/root/catkin_ws/install/dual_arm_description/share/dual_arm_description/hook/cmake_prefix_path.sh'
[0.497s] Level 1:colcon.colcon_core.environment:checking '/root/catkin_ws/install/dual_arm_description/bin'
[0.497s] Level 1:colcon.colcon_core.environment:checking '/root/catkin_ws/install/dual_arm_description/lib/pkgconfig/dual_arm_description.pc'
[0.498s] Level 1:colcon.colcon_core.environment:checking '/root/catkin_ws/install/dual_arm_description/lib/python3.10/site-packages'
[0.498s] Level 1:colcon.colcon_core.environment:checking '/root/catkin_ws/install/dual_arm_description/bin'
[0.498s] INFO:colcon.colcon_core.shell:Creating package script '/root/catkin_ws/install/dual_arm_description/share/dual_arm_description/package.ps1'
[0.498s] INFO:colcon.colcon_core.shell:Creating package descriptor '/root/catkin_ws/install/dual_arm_description/share/dual_arm_description/package.dsv'
[0.499s] INFO:colcon.colcon_core.shell:Creating package script '/root/catkin_ws/install/dual_arm_description/share/dual_arm_description/package.sh'
[0.499s] INFO:colcon.colcon_core.shell:Creating package script '/root/catkin_ws/install/dual_arm_description/share/dual_arm_description/package.bash'
[0.499s] INFO:colcon.colcon_core.shell:Creating package script '/root/catkin_ws/install/dual_arm_description/share/dual_arm_description/package.zsh'
[0.500s] Level 1:colcon.colcon_core.environment:create_file_with_runtime_dependencies(/root/catkin_ws/install/dual_arm_description/share/colcon-core/packages/dual_arm_description)
[0.501s] DEBUG:colcon.colcon_core.event_handler.log_command:Invoked command in '/root/catkin_ws/build/dual_arm_moveit_config' returned '1': CMAKE_PREFIX_PATH=${CMAKE_PREFIX_PATH}:/root/catkin_ws/install/teleop_hand_tracking:/opt/ros/humble /usr/bin/cmake --install /root/catkin_ws/build/dual_arm_moveit_config
[0.501s] Level 1:colcon.colcon_core.environment:create_environment_scripts_only(dual_arm_moveit_config)
[0.502s] Level 1:colcon.colcon_core.environment:checking '/root/catkin_ws/install/dual_arm_moveit_config' for CMake module files
[0.502s] Level 1:colcon.colcon_core.environment:checking '/root/catkin_ws/install/dual_arm_moveit_config' for CMake config files
[0.502s] Level 1:colcon.colcon_core.shell:create_environment_hook('dual_arm_moveit_config', 'cmake_prefix_path')
[0.502s] INFO:colcon.colcon_core.shell:Creating environment hook '/root/catkin_ws/install/dual_arm_moveit_config/share/dual_arm_moveit_config/hook/cmake_prefix_path.ps1'
[0.503s] INFO:colcon.colcon_core.shell:Creating environment descriptor '/root/catkin_ws/install/dual_arm_moveit_config/share/dual_arm_moveit_config/hook/cmake_prefix_path.dsv'
[0.503s] INFO:colcon.colcon_core.shell:Creating environment hook '/root/catkin_ws/install/dual_arm_moveit_config/share/dual_arm_moveit_config/hook/cmake_prefix_path.sh'
[0.504s] Level 1:colcon.colcon_core.environment:checking '/root/catkin_ws/install/dual_arm_moveit_config/bin'
[0.504s] Level 1:colcon.colcon_core.environment:checking '/root/catkin_ws/install/dual_arm_moveit_config/lib/pkgconfig/dual_arm_moveit_config.pc'
[0.504s] Level 1:colcon.colcon_core.environment:checking '/root/catkin_ws/install/dual_arm_moveit_config/lib/python3.10/site-packages'
[0.505s] Level 1:colcon.colcon_core.environment:checking '/root/catkin_ws/install/dual_arm_moveit_config/bin'
[0.505s] INFO:colcon.colcon_core.shell:Creating package script '/root/catkin_ws/install/dual_arm_moveit_config/share/dual_arm_moveit_config/package.ps1'
[0.505s] INFO:colcon.colcon_core.shell:Creating package descriptor '/root/catkin_ws/install/dual_arm_moveit_config/share/dual_arm_moveit_config/package.dsv'
[0.506s] INFO:colcon.colcon_core.shell:Creating package script '/root/catkin_ws/install/dual_arm_moveit_config/share/dual_arm_moveit_config/package.sh'
[0.506s] INFO:colcon.colcon_core.shell:Creating package script '/root/catkin_ws/install/dual_arm_moveit_config/share/dual_arm_moveit_config/package.bash'
[0.507s] INFO:colcon.colcon_core.shell:Creating package script '/root/catkin_ws/install/dual_arm_moveit_config/share/dual_arm_moveit_config/package.zsh'
[0.507s] Level 1:colcon.colcon_core.environment:create_file_with_runtime_dependencies(/root/catkin_ws/install/dual_arm_moveit_config/share/colcon-core/packages/dual_arm_moveit_config)
[0.752s] DEBUG:colcon.colcon_parallel_executor.executor.parallel:closing loop
[0.752s] DEBUG:colcon.colcon_parallel_executor.executor.parallel:loop closed
[0.752s] DEBUG:colcon.colcon_parallel_executor.executor.parallel:run_until_complete finished with '1'
[0.752s] DEBUG:colcon.colcon_core.event_reactor:joining thread
[0.757s] INFO:colcon.colcon_core.plugin_system:Skipping extension 'colcon_notification.desktop_notification.notify_send': Could not find 'notify-send'
[0.757s] INFO:colcon.colcon_core.plugin_system:Skipping extension 'colcon_notification.desktop_notification.terminal_notifier': Not used on non-Darwin systems
[0.757s] INFO:colcon.colcon_core.plugin_system:Skipping extension 'colcon_notification.desktop_notification.win32': Not used on non-Windows systems
[0.757s] INFO:colcon.colcon_notification.desktop_notification:Sending desktop notification using 'notify2'
[0.760s] DEBUG:colcon.colcon_notification.desktop_notification.notify2:Failed to initialize notify2: org.freedesktop.DBus.Error.Spawn.ExecFailed: /usr/bin/dbus-launch terminated abnormally without any error message
[0.760s] DEBUG:colcon.colcon_core.event_reactor:joined thread
[0.760s] INFO:colcon.colcon_core.shell:Creating prefix script '/root/catkin_ws/install/local_setup.ps1'
[0.761s] INFO:colcon.colcon_core.shell:Creating prefix util module '/root/catkin_ws/install/_local_setup_util_ps1.py'
[0.763s] INFO:colcon.colcon_core.shell:Creating prefix chain script '/root/catkin_ws/install/setup.ps1'
[0.763s] INFO:colcon.colcon_core.shell:Creating prefix script '/root/catkin_ws/install/local_setup.sh'
[0.764s] INFO:colcon.colcon_core.shell:Creating prefix util module '/root/catkin_ws/install/_local_setup_util_sh.py'
[0.764s] INFO:colcon.colcon_core.shell:Creating prefix chain script '/root/catkin_ws/install/setup.sh'
[0.766s] INFO:colcon.colcon_core.shell:Creating prefix script '/root/catkin_ws/install/local_setup.bash'
[0.766s] INFO:colcon.colcon_core.shell:Creating prefix chain script '/root/catkin_ws/install/setup.bash'
[0.767s] INFO:colcon.colcon_core.shell:Creating prefix script '/root/catkin_ws/install/local_setup.zsh'
[0.767s] INFO:colcon.colcon_core.shell:Creating prefix chain script '/root/catkin_ws/install/setup.zsh'
