[0.028s] Invoking command in '/root/catkin_ws/build/dual_arm_description': CMAKE_PREFIX_PATH=${CMAKE_PREFIX_PATH}:/root/catkin_ws/install/teleop_hand_tracking:/root/hand_teleop/install/robot_bringup:/opt/ros/humble /usr/bin/cmake /root/catkin_ws/src/dual_arm_description -DAMENT_CMAKE_SYMLINK_INSTALL=1 -DCMAKE_INSTALL_PREFIX=/root/catkin_ws/install/dual_arm_description
[0.347s] -- Found ament_cmake: 1.3.12 (/opt/ros/humble/share/ament_cmake/cmake)
[0.348s] -- Override CMake install command with custom implementation using symlinks instead of copying resources
[0.348s] -- Found ament_lint_auto: 0.12.14 (/opt/ros/humble/share/ament_lint_auto/cmake)
[0.348s] -- Added test 'lint_cmake' to check CMake code style
[0.348s] -- Added test 'xmllint' to check XML markup files
[0.348s] -- Configuring done
[0.348s] -- Generating done
[0.348s] -- Build files have been written to: /root/catkin_ws/build/dual_arm_description
[0.349s] Invoked command in '/root/catkin_ws/build/dual_arm_description' returned '0': CMAKE_PREFIX_PATH=${CMAKE_PREFIX_PATH}:/root/catkin_ws/install/teleop_hand_tracking:/root/hand_teleop/install/robot_bringup:/opt/ros/humble /usr/bin/cmake /root/catkin_ws/src/dual_arm_description -DAMENT_CMAKE_SYMLINK_INSTALL=1 -DCMAKE_INSTALL_PREFIX=/root/catkin_ws/install/dual_arm_description
[0.350s] Invoking command in '/root/catkin_ws/build/dual_arm_description': CMAKE_PREFIX_PATH=${CMAKE_PREFIX_PATH}:/root/catkin_ws/install/teleop_hand_tracking:/root/hand_teleop/install/robot_bringup:/opt/ros/humble /usr/bin/cmake --build /root/catkin_ws/build/dual_arm_description -- -j12 -l12
[0.385s] Invoked command in '/root/catkin_ws/build/dual_arm_description' returned '0': CMAKE_PREFIX_PATH=${CMAKE_PREFIX_PATH}:/root/catkin_ws/install/teleop_hand_tracking:/root/hand_teleop/install/robot_bringup:/opt/ros/humble /usr/bin/cmake --build /root/catkin_ws/build/dual_arm_description -- -j12 -l12
[0.393s] Invoking command in '/root/catkin_ws/build/dual_arm_description': CMAKE_PREFIX_PATH=${CMAKE_PREFIX_PATH}:/root/catkin_ws/install/teleop_hand_tracking:/root/hand_teleop/install/robot_bringup:/opt/ros/humble /usr/bin/cmake --install /root/catkin_ws/build/dual_arm_description
[0.399s] -- Install configuration: ""
[0.400s] -- Execute custom install script
[0.400s] -- Up-to-date symlink: /root/catkin_ws/install/dual_arm_description/share/dual_arm_description/urdf/dual_arm.urdf.xacro
[0.400s] -- Up-to-date symlink: /root/catkin_ws/install/dual_arm_description/share/dual_arm_description/urdf/gripper_macro.xacro
[0.400s] -- Up-to-date symlink: /root/catkin_ws/install/dual_arm_description/share/ament_index/resource_index/package_run_dependencies/dual_arm_description
[0.401s] -- Up-to-date symlink: /root/catkin_ws/install/dual_arm_description/share/ament_index/resource_index/parent_prefix_path/dual_arm_description
[0.401s] -- Up-to-date symlink: /root/catkin_ws/install/dual_arm_description/share/dual_arm_description/environment/ament_prefix_path.sh
[0.401s] -- Up-to-date symlink: /root/catkin_ws/install/dual_arm_description/share/dual_arm_description/environment/ament_prefix_path.dsv
[0.401s] -- Up-to-date symlink: /root/catkin_ws/install/dual_arm_description/share/dual_arm_description/environment/path.sh
[0.401s] -- Up-to-date symlink: /root/catkin_ws/install/dual_arm_description/share/dual_arm_description/environment/path.dsv
[0.402s] -- Up-to-date symlink: /root/catkin_ws/install/dual_arm_description/share/dual_arm_description/local_setup.bash
[0.402s] -- Up-to-date symlink: /root/catkin_ws/install/dual_arm_description/share/dual_arm_description/local_setup.sh
[0.402s] -- Up-to-date symlink: /root/catkin_ws/install/dual_arm_description/share/dual_arm_description/local_setup.zsh
[0.402s] -- Up-to-date symlink: /root/catkin_ws/install/dual_arm_description/share/dual_arm_description/local_setup.dsv
[0.402s] -- Symlinking: /root/catkin_ws/install/dual_arm_description/share/dual_arm_description/package.dsv
[0.409s] -- Up-to-date symlink: /root/catkin_ws/install/dual_arm_description/share/ament_index/resource_index/packages/dual_arm_description
[0.409s] -- Up-to-date symlink: /root/catkin_ws/install/dual_arm_description/share/dual_arm_description/cmake/dual_arm_descriptionConfig.cmake
[0.410s] -- Up-to-date symlink: /root/catkin_ws/install/dual_arm_description/share/dual_arm_description/cmake/dual_arm_descriptionConfig-version.cmake
[0.410s] -- Up-to-date symlink: /root/catkin_ws/install/dual_arm_description/share/dual_arm_description/package.xml
[0.411s] Invoked command in '/root/catkin_ws/build/dual_arm_description' returned '0': CMAKE_PREFIX_PATH=${CMAKE_PREFIX_PATH}:/root/catkin_ws/install/teleop_hand_tracking:/root/hand_teleop/install/robot_bringup:/opt/ros/humble /usr/bin/cmake --install /root/catkin_ws/build/dual_arm_description
