[0.019s] Invoking command in '/root/catkin_ws/build/dual_arm_description': CMAKE_PREFIX_PATH=${CMAKE_PREFIX_PATH}:/root/catkin_ws/install/teleop_hand_tracking:/opt/ros/humble /usr/bin/cmake --build /root/catkin_ws/build/dual_arm_description -- -j12 -l12
[0.037s] -- Found ament_cmake: 1.3.12 (/opt/ros/humble/share/ament_cmake/cmake)
[0.142s] -- Found ament_lint_auto: 0.12.14 (/opt/ros/humble/share/ament_lint_auto/cmake)
[0.198s] -- Added test 'lint_cmake' to check CMake code style
[0.198s] -- Added test 'xmllint' to check XML markup files
[0.199s] -- Configuring done
[0.201s] -- Generating done
[0.203s] -- Build files have been written to: /root/catkin_ws/build/dual_arm_description
[0.230s] Invoked command in '/root/catkin_ws/build/dual_arm_description' returned '0': CMAKE_PREFIX_PATH=${CMAKE_PREFIX_PATH}:/root/catkin_ws/install/teleop_hand_tracking:/opt/ros/humble /usr/bin/cmake --build /root/catkin_ws/build/dual_arm_description -- -j12 -l12
[0.237s] Invoking command in '/root/catkin_ws/build/dual_arm_description': CMAKE_PREFIX_PATH=${CMAKE_PREFIX_PATH}:/root/catkin_ws/install/teleop_hand_tracking:/opt/ros/humble /usr/bin/cmake --install /root/catkin_ws/build/dual_arm_description
[0.243s] -- Install configuration: ""
[0.243s] -- Installing: /root/catkin_ws/install/dual_arm_description/share/dual_arm_description/urdf
[0.243s] -- Installing: /root/catkin_ws/install/dual_arm_description/share/dual_arm_description/urdf/dual_arm.urdf.xacro
[0.243s] -- Installing: /root/catkin_ws/install/dual_arm_description/share/dual_arm_description/urdf/gripper_macro.xacro
[0.243s] -- Up-to-date: /root/catkin_ws/install/dual_arm_description/share/ament_index/resource_index/package_run_dependencies/dual_arm_description
[0.243s] -- Installing: /root/catkin_ws/install/dual_arm_description/share/ament_index/resource_index/parent_prefix_path/dual_arm_description
[0.243s] -- Up-to-date: /root/catkin_ws/install/dual_arm_description/share/dual_arm_description/environment/ament_prefix_path.sh
[0.244s] -- Installing: /root/catkin_ws/install/dual_arm_description/share/dual_arm_description/environment/ament_prefix_path.dsv
[0.244s] -- Up-to-date: /root/catkin_ws/install/dual_arm_description/share/dual_arm_description/environment/path.sh
[0.244s] -- Installing: /root/catkin_ws/install/dual_arm_description/share/dual_arm_description/environment/path.dsv
[0.244s] -- Up-to-date: /root/catkin_ws/install/dual_arm_description/share/dual_arm_description/local_setup.bash
[0.244s] -- Up-to-date: /root/catkin_ws/install/dual_arm_description/share/dual_arm_description/local_setup.sh
[0.244s] -- Up-to-date: /root/catkin_ws/install/dual_arm_description/share/dual_arm_description/local_setup.zsh
[0.244s] -- Installing: /root/catkin_ws/install/dual_arm_description/share/dual_arm_description/local_setup.dsv
[0.244s] -- Installing: /root/catkin_ws/install/dual_arm_description/share/dual_arm_description/package.dsv
[0.245s] -- Up-to-date: /root/catkin_ws/install/dual_arm_description/share/ament_index/resource_index/packages/dual_arm_description
[0.245s] -- Up-to-date: /root/catkin_ws/install/dual_arm_description/share/dual_arm_description/cmake/dual_arm_descriptionConfig.cmake
[0.245s] -- Up-to-date: /root/catkin_ws/install/dual_arm_description/share/dual_arm_description/cmake/dual_arm_descriptionConfig-version.cmake
[0.245s] -- Up-to-date: /root/catkin_ws/install/dual_arm_description/share/dual_arm_description/package.xml
[0.248s] Invoked command in '/root/catkin_ws/build/dual_arm_description' returned '0': CMAKE_PREFIX_PATH=${CMAKE_PREFIX_PATH}:/root/catkin_ws/install/teleop_hand_tracking:/opt/ros/humble /usr/bin/cmake --install /root/catkin_ws/build/dual_arm_description
