[0.014s] Invoking command in '/root/catkin_ws/build/franka_description': /usr/bin/cmake /root/catkin_ws/src/Multi-Arm-6-DOF-Robot-Tele-operation-with-Real-Time-Hand-Tracking/franka_description -DCMAKE_INSTALL_PREFIX=/root/catkin_ws/install/franka_description
[0.035s] [31mCMake Error at CMakeLists.txt:17 (find_package):
[0.035s]   By not providing "Findament_cmake.cmake" in CMAKE_MODULE_PATH this project
[0.035s]   has asked CMake to find a package configuration file provided by
[0.035s]   "ament_cmake", but CMake did not find one.
[0.035s] 
[0.035s]   Could not find a package configuration file provided by "ament_cmake" with
[0.035s]   any of the following names:
[0.035s] 
[0.035s]     ament_cmakeConfig.cmake
[0.035s]     ament_cmake-config.cmake
[0.036s] 
[0.036s]   Add the installation prefix of "ament_cmake" to CMAKE_PREFIX_PATH or set
[0.036s]   "ament_cmake_DIR" to a directory containing one of the above files.  If
[0.036s]   "ament_cmake" provides a separate development package or SDK, be sure it
[0.036s]   has been installed.
[0.036s] 
[0.036s] [0m
[0.036s] -- Configuring incomplete, errors occurred!
[0.036s] See also "/root/catkin_ws/build/franka_description/CMakeFiles/CMakeOutput.log".
[0.188s] Invoked command in '/root/catkin_ws/build/franka_description' returned '1': /usr/bin/cmake /root/catkin_ws/src/Multi-Arm-6-DOF-Robot-Tele-operation-with-Real-Time-Hand-Tracking/franka_description -DCMAKE_INSTALL_PREFIX=/root/catkin_ws/install/franka_description
